================================================================
== Design Size Report
================================================================

* Total Instructions per Compilation Phase
+---------------+-----------------------------+--------------+----------------------------------------------------------------------------------------+
| Phase         | Step                        | Instructions | Description                                                                            |
+---------------+-----------------------------+--------------+----------------------------------------------------------------------------------------+
| Compile/Link  |                             | 35           | After all functions are compiled and linked into a single design                       |
|               |                             |              |                                                                                        |
| Unroll/Inline |                             |              | After user unroll and inline pragmas are applied                                       |
|               | (1) unroll                  | 30           | user unroll pragmas are applied                                                        |
|               | (2) simplification          | 21           | simplification of applied user unroll pragmas                                          |
|               | (3) inline                  | 20           | user inline pragmas are applied                                                        |
|               | (4) simplification          | 20           | simplification of applied user inline pragmas                                          |
|               |                             |              |                                                                                        |
| Array/Struct  |                             |              | After user array partition and struct aggregate/disaggregate pragmas are applied       |
|               | (1) array partition         | 19           | user array partition pragmas are applied                                               |
|               | (2) simplification          | 19           | simplification of applied user array partition & struct aggregate/disaggregate pragmas |
|               | (3) aggregate/disaggregate  | 19           | user struct aggregate/disaggregate pragmas are applied                                 |
|               | (4) array reshape           | 19           | apply array reshape pragmas                                                            |
|               | (5) access patterns         | 21           | array access pattern optmizations                                                      |
|               |                             |              |                                                                                        |
| Performance   |                             |              | After transformations are applied to meet performance pragma targets                   |
|               | (1) loop simplification     | 21           | loop and instruction simplification                                                    |
|               | (2) parallelization         | 20           | loops are unrolled or pipelined to meet performance targets                            |
|               | (3) array partition         | 19           | arrays are partitioned to meet performance targets                                     |
|               | (4) simplification          | 19           | simplification of design after performance transformations                             |
|               |                             |              |                                                                                        |
| HW Transforms |                             |              | After hardware transfomations                                                          |
|               | (1) lowering                | 25           | initial conversion to HW specific instructions                                         |
|               | (2) optimizations           | 30           | high level synthesis optimizations                                                     |
+---------------+-----------------------------+--------------+----------------------------------------------------------------------------------------+

* Instructions per Function for each Compilation Phase
+--------------+------------------+--------------+---------------+--------------+-------------+---------------+
| Function     | Location         | Compile/Link | Unroll/Inline | Array/Struct | Performance | HW Transforms |
+--------------+------------------+--------------+---------------+--------------+-------------+---------------+
| + compute    | compute_c.cpp:22 | 35           | 20            | 21           | 19          | 30            |
|    compute_c | compute_c.cpp:1  | 33           |               |              |             |               |
+--------------+------------------+--------------+---------------+--------------+-------------+---------------+

* Design Size Message Settings
+---------------------------------------------+--------+------------------------------------------------------------------+
| Message Setting                             | Value  | Description                                                      |
+---------------------------------------------+--------+------------------------------------------------------------------+
| config_compile -design_size_maximum_warning | 100000 | Show a warning when total design instructions exceeds this value |
+---------------------------------------------+--------+------------------------------------------------------------------+


