Copyright 1986-2022 Xilinx, Inc. All Rights Reserved. Copyright 2022-2025 Advanced Micro Devices, Inc. All Rights Reserved.
---------------------------------------------------------------------------------------------------------------------------------------------
| Tool Version : Vivado v.2025.1 (win64) Build 6140274 Thu May 22 00:12:29 MDT 2025
| Date         : Wed Nov  5 17:12:54 2025
| Host         : katnlot running 64-bit major release  (build 9200)
| Command      : report_timing -max_paths 10 -file ./report/maxmul2x2_timing_paths_synth.rpt
| Design       : bd_0_wrapper
| Device       : 7a35t-cpg236
| Speed File   : -1  PRODUCTION 1.23 2018-06-13
| Design State : Synthesized
---------------------------------------------------------------------------------------------------------------------------------------------

Timing Report

Slack (MET) :             5.696ns  (required time - arrival time)
  Source:                 bd_0_i/hls_inst/inst/b11_read_reg_510_reg[0]/C
                            (rising edge-triggered cell FDRE clocked by ap_clk  {rise@0.000ns fall@5.000ns period=10.000ns})
  Destination:            bd_0_i/hls_inst/inst/mac_muladd_16s_16s_32s_32_4_1_U2/maxmul2x2_mac_muladd_16s_16s_32s_32_4_1_DSP48_0_U/p_reg_reg/A[0]
                            (rising edge-triggered cell DSP48E1 clocked by ap_clk  {rise@0.000ns fall@5.000ns period=10.000ns})
  Path Group:             ap_clk
  Path Type:              Setup (Max at Slow Process Corner)
  Requirement:            10.000ns  (ap_clk rise@10.000ns - ap_clk rise@0.000ns)
  Data Path Delay:        2.292ns  (logic 0.751ns (32.770%)  route 1.541ns (67.230%))
  Logic Levels:           1  (LUT3=1)
  Clock Path Skew:        -0.049ns (DCD - SCD + CPR)
    Destination Clock Delay (DCD):    0.924ns = ( 10.924 - 10.000 ) 
    Source Clock Delay      (SCD):    0.973ns
    Clock Pessimism Removal (CPR):    0.000ns
  Clock Uncertainty:      0.035ns  ((TSJ^2 + TIJ^2)^1/2 + DJ) / 2 + PE
    Total System Jitter     (TSJ):    0.071ns
    Total Input Jitter      (TIJ):    0.000ns
    Discrete Jitter          (DJ):    0.000ns
    Phase Error              (PE):    0.000ns

    Location             Delay type                Incr(ns)  Path(ns)    Netlist Resource(s)
  -------------------------------------------------------------------    -------------------
                         (clock ap_clk rise edge)     0.000     0.000 r  
                                                      0.000     0.000 r  ap_clk (IN)
                         net (fo=217, unset)          0.973     0.973    bd_0_i/hls_inst/inst/ap_clk
                         FDRE                                         r  bd_0_i/hls_inst/inst/b11_read_reg_510_reg[0]/C
  -------------------------------------------------------------------    -------------------
                         FDRE (Prop_fdre_C_Q)         0.456     1.429 r  bd_0_i/hls_inst/inst/b11_read_reg_510_reg[0]/Q
                         net (fo=1, unplaced)         0.741     2.170    bd_0_i/hls_inst/inst/mac_muladd_16s_16s_32s_32_4_1_U2/maxmul2x2_mac_muladd_16s_16s_32s_32_4_1_DSP48_0_U/b11_read_reg_510[0]
                         LUT3 (Prop_lut3_I0_O)        0.295     2.465 r  bd_0_i/hls_inst/inst/mac_muladd_16s_16s_32s_32_4_1_U2/maxmul2x2_mac_muladd_16s_16s_32s_32_4_1_DSP48_0_U/p_reg_reg_i_32/O
                         net (fo=1, unplaced)         0.800     3.265    bd_0_i/hls_inst/inst/mac_muladd_16s_16s_32s_32_4_1_U2/maxmul2x2_mac_muladd_16s_16s_32s_32_4_1_DSP48_0_U/A[0]
                         DSP48E1                                      r  bd_0_i/hls_inst/inst/mac_muladd_16s_16s_32s_32_4_1_U2/maxmul2x2_mac_muladd_16s_16s_32s_32_4_1_DSP48_0_U/p_reg_reg/A[0]
  -------------------------------------------------------------------    -------------------

                         (clock ap_clk rise edge)    10.000    10.000 r  
                                                      0.000    10.000 r  ap_clk (IN)
                         net (fo=217, unset)          0.924    10.924    bd_0_i/hls_inst/inst/mac_muladd_16s_16s_32s_32_4_1_U2/maxmul2x2_mac_muladd_16s_16s_32s_32_4_1_DSP48_0_U/ap_clk
                         DSP48E1                                      r  bd_0_i/hls_inst/inst/mac_muladd_16s_16s_32s_32_4_1_U2/maxmul2x2_mac_muladd_16s_16s_32s_32_4_1_DSP48_0_U/p_reg_reg/CLK
                         clock pessimism              0.000    10.924    
                         clock uncertainty           -0.035    10.889    
                         DSP48E1 (Setup_dsp48e1_CLK_A[0])
                                                     -1.928     8.961    bd_0_i/hls_inst/inst/mac_muladd_16s_16s_32s_32_4_1_U2/maxmul2x2_mac_muladd_16s_16s_32s_32_4_1_DSP48_0_U/p_reg_reg
  -------------------------------------------------------------------
                         required time                          8.961    
                         arrival time                          -3.265    
  -------------------------------------------------------------------
                         slack                                  5.696    

Slack (MET) :             5.696ns  (required time - arrival time)
  Source:                 bd_0_i/hls_inst/inst/b11_read_reg_510_reg[10]/C
                            (rising edge-triggered cell FDRE clocked by ap_clk  {rise@0.000ns fall@5.000ns period=10.000ns})
  Destination:            bd_0_i/hls_inst/inst/mac_muladd_16s_16s_32s_32_4_1_U2/maxmul2x2_mac_muladd_16s_16s_32s_32_4_1_DSP48_0_U/p_reg_reg/A[10]
                            (rising edge-triggered cell DSP48E1 clocked by ap_clk  {rise@0.000ns fall@5.000ns period=10.000ns})
  Path Group:             ap_clk
  Path Type:              Setup (Max at Slow Process Corner)
  Requirement:            10.000ns  (ap_clk rise@10.000ns - ap_clk rise@0.000ns)
  Data Path Delay:        2.292ns  (logic 0.751ns (32.770%)  route 1.541ns (67.230%))
  Logic Levels:           1  (LUT3=1)
  Clock Path Skew:        -0.049ns (DCD - SCD + CPR)
    Destination Clock Delay (DCD):    0.924ns = ( 10.924 - 10.000 ) 
    Source Clock Delay      (SCD):    0.973ns
    Clock Pessimism Removal (CPR):    0.000ns
  Clock Uncertainty:      0.035ns  ((TSJ^2 + TIJ^2)^1/2 + DJ) / 2 + PE
    Total System Jitter     (TSJ):    0.071ns
    Total Input Jitter      (TIJ):    0.000ns
    Discrete Jitter          (DJ):    0.000ns
    Phase Error              (PE):    0.000ns

    Location             Delay type                Incr(ns)  Path(ns)    Netlist Resource(s)
  -------------------------------------------------------------------    -------------------
                         (clock ap_clk rise edge)     0.000     0.000 r  
                                                      0.000     0.000 r  ap_clk (IN)
                         net (fo=217, unset)          0.973     0.973    bd_0_i/hls_inst/inst/ap_clk
                         FDRE                                         r  bd_0_i/hls_inst/inst/b11_read_reg_510_reg[10]/C
  -------------------------------------------------------------------    -------------------
                         FDRE (Prop_fdre_C_Q)         0.456     1.429 r  bd_0_i/hls_inst/inst/b11_read_reg_510_reg[10]/Q
                         net (fo=1, unplaced)         0.741     2.170    bd_0_i/hls_inst/inst/mac_muladd_16s_16s_32s_32_4_1_U2/maxmul2x2_mac_muladd_16s_16s_32s_32_4_1_DSP48_0_U/b11_read_reg_510[10]
                         LUT3 (Prop_lut3_I0_O)        0.295     2.465 r  bd_0_i/hls_inst/inst/mac_muladd_16s_16s_32s_32_4_1_U2/maxmul2x2_mac_muladd_16s_16s_32s_32_4_1_DSP48_0_U/p_reg_reg_i_22/O
                         net (fo=1, unplaced)         0.800     3.265    bd_0_i/hls_inst/inst/mac_muladd_16s_16s_32s_32_4_1_U2/maxmul2x2_mac_muladd_16s_16s_32s_32_4_1_DSP48_0_U/A[10]
                         DSP48E1                                      r  bd_0_i/hls_inst/inst/mac_muladd_16s_16s_32s_32_4_1_U2/maxmul2x2_mac_muladd_16s_16s_32s_32_4_1_DSP48_0_U/p_reg_reg/A[10]
  -------------------------------------------------------------------    -------------------

                         (clock ap_clk rise edge)    10.000    10.000 r  
                                                      0.000    10.000 r  ap_clk (IN)
                         net (fo=217, unset)          0.924    10.924    bd_0_i/hls_inst/inst/mac_muladd_16s_16s_32s_32_4_1_U2/maxmul2x2_mac_muladd_16s_16s_32s_32_4_1_DSP48_0_U/ap_clk
                         DSP48E1                                      r  bd_0_i/hls_inst/inst/mac_muladd_16s_16s_32s_32_4_1_U2/maxmul2x2_mac_muladd_16s_16s_32s_32_4_1_DSP48_0_U/p_reg_reg/CLK
                         clock pessimism              0.000    10.924    
                         clock uncertainty           -0.035    10.889    
                         DSP48E1 (Setup_dsp48e1_CLK_A[10])
                                                     -1.928     8.961    bd_0_i/hls_inst/inst/mac_muladd_16s_16s_32s_32_4_1_U2/maxmul2x2_mac_muladd_16s_16s_32s_32_4_1_DSP48_0_U/p_reg_reg
  -------------------------------------------------------------------
                         required time                          8.961    
                         arrival time                          -3.265    
  -------------------------------------------------------------------
                         slack                                  5.696    

Slack (MET) :             5.696ns  (required time - arrival time)
  Source:                 bd_0_i/hls_inst/inst/b11_read_reg_510_reg[11]/C
                            (rising edge-triggered cell FDRE clocked by ap_clk  {rise@0.000ns fall@5.000ns period=10.000ns})
  Destination:            bd_0_i/hls_inst/inst/mac_muladd_16s_16s_32s_32_4_1_U2/maxmul2x2_mac_muladd_16s_16s_32s_32_4_1_DSP48_0_U/p_reg_reg/A[11]
                            (rising edge-triggered cell DSP48E1 clocked by ap_clk  {rise@0.000ns fall@5.000ns period=10.000ns})
  Path Group:             ap_clk
  Path Type:              Setup (Max at Slow Process Corner)
  Requirement:            10.000ns  (ap_clk rise@10.000ns - ap_clk rise@0.000ns)
  Data Path Delay:        2.292ns  (logic 0.751ns (32.770%)  route 1.541ns (67.230%))
  Logic Levels:           1  (LUT3=1)
  Clock Path Skew:        -0.049ns (DCD - SCD + CPR)
    Destination Clock Delay (DCD):    0.924ns = ( 10.924 - 10.000 ) 
    Source Clock Delay      (SCD):    0.973ns
    Clock Pessimism Removal (CPR):    0.000ns
  Clock Uncertainty:      0.035ns  ((TSJ^2 + TIJ^2)^1/2 + DJ) / 2 + PE
    Total System Jitter     (TSJ):    0.071ns
    Total Input Jitter      (TIJ):    0.000ns
    Discrete Jitter          (DJ):    0.000ns
    Phase Error              (PE):    0.000ns

    Location             Delay type                Incr(ns)  Path(ns)    Netlist Resource(s)
  -------------------------------------------------------------------    -------------------
                         (clock ap_clk rise edge)     0.000     0.000 r  
                                                      0.000     0.000 r  ap_clk (IN)
                         net (fo=217, unset)          0.973     0.973    bd_0_i/hls_inst/inst/ap_clk
                         FDRE                                         r  bd_0_i/hls_inst/inst/b11_read_reg_510_reg[11]/C
  -------------------------------------------------------------------    -------------------
                         FDRE (Prop_fdre_C_Q)         0.456     1.429 r  bd_0_i/hls_inst/inst/b11_read_reg_510_reg[11]/Q
                         net (fo=1, unplaced)         0.741     2.170    bd_0_i/hls_inst/inst/mac_muladd_16s_16s_32s_32_4_1_U2/maxmul2x2_mac_muladd_16s_16s_32s_32_4_1_DSP48_0_U/b11_read_reg_510[11]
                         LUT3 (Prop_lut3_I0_O)        0.295     2.465 r  bd_0_i/hls_inst/inst/mac_muladd_16s_16s_32s_32_4_1_U2/maxmul2x2_mac_muladd_16s_16s_32s_32_4_1_DSP48_0_U/p_reg_reg_i_21/O
                         net (fo=1, unplaced)         0.800     3.265    bd_0_i/hls_inst/inst/mac_muladd_16s_16s_32s_32_4_1_U2/maxmul2x2_mac_muladd_16s_16s_32s_32_4_1_DSP48_0_U/A[11]
                         DSP48E1                                      r  bd_0_i/hls_inst/inst/mac_muladd_16s_16s_32s_32_4_1_U2/maxmul2x2_mac_muladd_16s_16s_32s_32_4_1_DSP48_0_U/p_reg_reg/A[11]
  -------------------------------------------------------------------    -------------------

                         (clock ap_clk rise edge)    10.000    10.000 r  
                                                      0.000    10.000 r  ap_clk (IN)
                         net (fo=217, unset)          0.924    10.924    bd_0_i/hls_inst/inst/mac_muladd_16s_16s_32s_32_4_1_U2/maxmul2x2_mac_muladd_16s_16s_32s_32_4_1_DSP48_0_U/ap_clk
                         DSP48E1                                      r  bd_0_i/hls_inst/inst/mac_muladd_16s_16s_32s_32_4_1_U2/maxmul2x2_mac_muladd_16s_16s_32s_32_4_1_DSP48_0_U/p_reg_reg/CLK
                         clock pessimism              0.000    10.924    
                         clock uncertainty           -0.035    10.889    
                         DSP48E1 (Setup_dsp48e1_CLK_A[11])
                                                     -1.928     8.961    bd_0_i/hls_inst/inst/mac_muladd_16s_16s_32s_32_4_1_U2/maxmul2x2_mac_muladd_16s_16s_32s_32_4_1_DSP48_0_U/p_reg_reg
  -------------------------------------------------------------------
                         required time                          8.961    
                         arrival time                          -3.265    
  -------------------------------------------------------------------
                         slack                                  5.696    

Slack (MET) :             5.696ns  (required time - arrival time)
  Source:                 bd_0_i/hls_inst/inst/b11_read_reg_510_reg[12]/C
                            (rising edge-triggered cell FDRE clocked by ap_clk  {rise@0.000ns fall@5.000ns period=10.000ns})
  Destination:            bd_0_i/hls_inst/inst/mac_muladd_16s_16s_32s_32_4_1_U2/maxmul2x2_mac_muladd_16s_16s_32s_32_4_1_DSP48_0_U/p_reg_reg/A[12]
                            (rising edge-triggered cell DSP48E1 clocked by ap_clk  {rise@0.000ns fall@5.000ns period=10.000ns})
  Path Group:             ap_clk
  Path Type:              Setup (Max at Slow Process Corner)
  Requirement:            10.000ns  (ap_clk rise@10.000ns - ap_clk rise@0.000ns)
  Data Path Delay:        2.292ns  (logic 0.751ns (32.770%)  route 1.541ns (67.230%))
  Logic Levels:           1  (LUT3=1)
  Clock Path Skew:        -0.049ns (DCD - SCD + CPR)
    Destination Clock Delay (DCD):    0.924ns = ( 10.924 - 10.000 ) 
    Source Clock Delay      (SCD):    0.973ns
    Clock Pessimism Removal (CPR):    0.000ns
  Clock Uncertainty:      0.035ns  ((TSJ^2 + TIJ^2)^1/2 + DJ) / 2 + PE
    Total System Jitter     (TSJ):    0.071ns
    Total Input Jitter      (TIJ):    0.000ns
    Discrete Jitter          (DJ):    0.000ns
    Phase Error              (PE):    0.000ns

    Location             Delay type                Incr(ns)  Path(ns)    Netlist Resource(s)
  -------------------------------------------------------------------    -------------------
                         (clock ap_clk rise edge)     0.000     0.000 r  
                                                      0.000     0.000 r  ap_clk (IN)
                         net (fo=217, unset)          0.973     0.973    bd_0_i/hls_inst/inst/ap_clk
                         FDRE                                         r  bd_0_i/hls_inst/inst/b11_read_reg_510_reg[12]/C
  -------------------------------------------------------------------    -------------------
                         FDRE (Prop_fdre_C_Q)         0.456     1.429 r  bd_0_i/hls_inst/inst/b11_read_reg_510_reg[12]/Q
                         net (fo=1, unplaced)         0.741     2.170    bd_0_i/hls_inst/inst/mac_muladd_16s_16s_32s_32_4_1_U2/maxmul2x2_mac_muladd_16s_16s_32s_32_4_1_DSP48_0_U/b11_read_reg_510[12]
                         LUT3 (Prop_lut3_I0_O)        0.295     2.465 r  bd_0_i/hls_inst/inst/mac_muladd_16s_16s_32s_32_4_1_U2/maxmul2x2_mac_muladd_16s_16s_32s_32_4_1_DSP48_0_U/p_reg_reg_i_20/O
                         net (fo=1, unplaced)         0.800     3.265    bd_0_i/hls_inst/inst/mac_muladd_16s_16s_32s_32_4_1_U2/maxmul2x2_mac_muladd_16s_16s_32s_32_4_1_DSP48_0_U/A[12]
                         DSP48E1                                      r  bd_0_i/hls_inst/inst/mac_muladd_16s_16s_32s_32_4_1_U2/maxmul2x2_mac_muladd_16s_16s_32s_32_4_1_DSP48_0_U/p_reg_reg/A[12]
  -------------------------------------------------------------------    -------------------

                         (clock ap_clk rise edge)    10.000    10.000 r  
                                                      0.000    10.000 r  ap_clk (IN)
                         net (fo=217, unset)          0.924    10.924    bd_0_i/hls_inst/inst/mac_muladd_16s_16s_32s_32_4_1_U2/maxmul2x2_mac_muladd_16s_16s_32s_32_4_1_DSP48_0_U/ap_clk
                         DSP48E1                                      r  bd_0_i/hls_inst/inst/mac_muladd_16s_16s_32s_32_4_1_U2/maxmul2x2_mac_muladd_16s_16s_32s_32_4_1_DSP48_0_U/p_reg_reg/CLK
                         clock pessimism              0.000    10.924    
                         clock uncertainty           -0.035    10.889    
                         DSP48E1 (Setup_dsp48e1_CLK_A[12])
                                                     -1.928     8.961    bd_0_i/hls_inst/inst/mac_muladd_16s_16s_32s_32_4_1_U2/maxmul2x2_mac_muladd_16s_16s_32s_32_4_1_DSP48_0_U/p_reg_reg
  -------------------------------------------------------------------
                         required time                          8.961    
                         arrival time                          -3.265    
  -------------------------------------------------------------------
                         slack                                  5.696    

Slack (MET) :             5.696ns  (required time - arrival time)
  Source:                 bd_0_i/hls_inst/inst/b11_read_reg_510_reg[13]/C
                            (rising edge-triggered cell FDRE clocked by ap_clk  {rise@0.000ns fall@5.000ns period=10.000ns})
  Destination:            bd_0_i/hls_inst/inst/mac_muladd_16s_16s_32s_32_4_1_U2/maxmul2x2_mac_muladd_16s_16s_32s_32_4_1_DSP48_0_U/p_reg_reg/A[13]
                            (rising edge-triggered cell DSP48E1 clocked by ap_clk  {rise@0.000ns fall@5.000ns period=10.000ns})
  Path Group:             ap_clk
  Path Type:              Setup (Max at Slow Process Corner)
  Requirement:            10.000ns  (ap_clk rise@10.000ns - ap_clk rise@0.000ns)
  Data Path Delay:        2.292ns  (logic 0.751ns (32.770%)  route 1.541ns (67.230%))
  Logic Levels:           1  (LUT3=1)
  Clock Path Skew:        -0.049ns (DCD - SCD + CPR)
    Destination Clock Delay (DCD):    0.924ns = ( 10.924 - 10.000 ) 
    Source Clock Delay      (SCD):    0.973ns
    Clock Pessimism Removal (CPR):    0.000ns
  Clock Uncertainty:      0.035ns  ((TSJ^2 + TIJ^2)^1/2 + DJ) / 2 + PE
    Total System Jitter     (TSJ):    0.071ns
    Total Input Jitter      (TIJ):    0.000ns
    Discrete Jitter          (DJ):    0.000ns
    Phase Error              (PE):    0.000ns

    Location             Delay type                Incr(ns)  Path(ns)    Netlist Resource(s)
  -------------------------------------------------------------------    -------------------
                         (clock ap_clk rise edge)     0.000     0.000 r  
                                                      0.000     0.000 r  ap_clk (IN)
                         net (fo=217, unset)          0.973     0.973    bd_0_i/hls_inst/inst/ap_clk
                         FDRE                                         r  bd_0_i/hls_inst/inst/b11_read_reg_510_reg[13]/C
  -------------------------------------------------------------------    -------------------
                         FDRE (Prop_fdre_C_Q)         0.456     1.429 r  bd_0_i/hls_inst/inst/b11_read_reg_510_reg[13]/Q
                         net (fo=1, unplaced)         0.741     2.170    bd_0_i/hls_inst/inst/mac_muladd_16s_16s_32s_32_4_1_U2/maxmul2x2_mac_muladd_16s_16s_32s_32_4_1_DSP48_0_U/b11_read_reg_510[13]
                         LUT3 (Prop_lut3_I0_O)        0.295     2.465 r  bd_0_i/hls_inst/inst/mac_muladd_16s_16s_32s_32_4_1_U2/maxmul2x2_mac_muladd_16s_16s_32s_32_4_1_DSP48_0_U/p_reg_reg_i_19/O
                         net (fo=1, unplaced)         0.800     3.265    bd_0_i/hls_inst/inst/mac_muladd_16s_16s_32s_32_4_1_U2/maxmul2x2_mac_muladd_16s_16s_32s_32_4_1_DSP48_0_U/A[13]
                         DSP48E1                                      r  bd_0_i/hls_inst/inst/mac_muladd_16s_16s_32s_32_4_1_U2/maxmul2x2_mac_muladd_16s_16s_32s_32_4_1_DSP48_0_U/p_reg_reg/A[13]
  -------------------------------------------------------------------    -------------------

                         (clock ap_clk rise edge)    10.000    10.000 r  
                                                      0.000    10.000 r  ap_clk (IN)
                         net (fo=217, unset)          0.924    10.924    bd_0_i/hls_inst/inst/mac_muladd_16s_16s_32s_32_4_1_U2/maxmul2x2_mac_muladd_16s_16s_32s_32_4_1_DSP48_0_U/ap_clk
                         DSP48E1                                      r  bd_0_i/hls_inst/inst/mac_muladd_16s_16s_32s_32_4_1_U2/maxmul2x2_mac_muladd_16s_16s_32s_32_4_1_DSP48_0_U/p_reg_reg/CLK
                         clock pessimism              0.000    10.924    
                         clock uncertainty           -0.035    10.889    
                         DSP48E1 (Setup_dsp48e1_CLK_A[13])
                                                     -1.928     8.961    bd_0_i/hls_inst/inst/mac_muladd_16s_16s_32s_32_4_1_U2/maxmul2x2_mac_muladd_16s_16s_32s_32_4_1_DSP48_0_U/p_reg_reg
  -------------------------------------------------------------------
                         required time                          8.961    
                         arrival time                          -3.265    
  -------------------------------------------------------------------
                         slack                                  5.696    

Slack (MET) :             5.696ns  (required time - arrival time)
  Source:                 bd_0_i/hls_inst/inst/b11_read_reg_510_reg[14]/C
                            (rising edge-triggered cell FDRE clocked by ap_clk  {rise@0.000ns fall@5.000ns period=10.000ns})
  Destination:            bd_0_i/hls_inst/inst/mac_muladd_16s_16s_32s_32_4_1_U2/maxmul2x2_mac_muladd_16s_16s_32s_32_4_1_DSP48_0_U/p_reg_reg/A[14]
                            (rising edge-triggered cell DSP48E1 clocked by ap_clk  {rise@0.000ns fall@5.000ns period=10.000ns})
  Path Group:             ap_clk
  Path Type:              Setup (Max at Slow Process Corner)
  Requirement:            10.000ns  (ap_clk rise@10.000ns - ap_clk rise@0.000ns)
  Data Path Delay:        2.292ns  (logic 0.751ns (32.770%)  route 1.541ns (67.230%))
  Logic Levels:           1  (LUT3=1)
  Clock Path Skew:        -0.049ns (DCD - SCD + CPR)
    Destination Clock Delay (DCD):    0.924ns = ( 10.924 - 10.000 ) 
    Source Clock Delay      (SCD):    0.973ns
    Clock Pessimism Removal (CPR):    0.000ns
  Clock Uncertainty:      0.035ns  ((TSJ^2 + TIJ^2)^1/2 + DJ) / 2 + PE
    Total System Jitter     (TSJ):    0.071ns
    Total Input Jitter      (TIJ):    0.000ns
    Discrete Jitter          (DJ):    0.000ns
    Phase Error              (PE):    0.000ns

    Location             Delay type                Incr(ns)  Path(ns)    Netlist Resource(s)
  -------------------------------------------------------------------    -------------------
                         (clock ap_clk rise edge)     0.000     0.000 r  
                                                      0.000     0.000 r  ap_clk (IN)
                         net (fo=217, unset)          0.973     0.973    bd_0_i/hls_inst/inst/ap_clk
                         FDRE                                         r  bd_0_i/hls_inst/inst/b11_read_reg_510_reg[14]/C
  -------------------------------------------------------------------    -------------------
                         FDRE (Prop_fdre_C_Q)         0.456     1.429 r  bd_0_i/hls_inst/inst/b11_read_reg_510_reg[14]/Q
                         net (fo=1, unplaced)         0.741     2.170    bd_0_i/hls_inst/inst/mac_muladd_16s_16s_32s_32_4_1_U2/maxmul2x2_mac_muladd_16s_16s_32s_32_4_1_DSP48_0_U/b11_read_reg_510[14]
                         LUT3 (Prop_lut3_I0_O)        0.295     2.465 r  bd_0_i/hls_inst/inst/mac_muladd_16s_16s_32s_32_4_1_U2/maxmul2x2_mac_muladd_16s_16s_32s_32_4_1_DSP48_0_U/p_reg_reg_i_18/O
                         net (fo=1, unplaced)         0.800     3.265    bd_0_i/hls_inst/inst/mac_muladd_16s_16s_32s_32_4_1_U2/maxmul2x2_mac_muladd_16s_16s_32s_32_4_1_DSP48_0_U/A[14]
                         DSP48E1                                      r  bd_0_i/hls_inst/inst/mac_muladd_16s_16s_32s_32_4_1_U2/maxmul2x2_mac_muladd_16s_16s_32s_32_4_1_DSP48_0_U/p_reg_reg/A[14]
  -------------------------------------------------------------------    -------------------

                         (clock ap_clk rise edge)    10.000    10.000 r  
                                                      0.000    10.000 r  ap_clk (IN)
                         net (fo=217, unset)          0.924    10.924    bd_0_i/hls_inst/inst/mac_muladd_16s_16s_32s_32_4_1_U2/maxmul2x2_mac_muladd_16s_16s_32s_32_4_1_DSP48_0_U/ap_clk
                         DSP48E1                                      r  bd_0_i/hls_inst/inst/mac_muladd_16s_16s_32s_32_4_1_U2/maxmul2x2_mac_muladd_16s_16s_32s_32_4_1_DSP48_0_U/p_reg_reg/CLK
                         clock pessimism              0.000    10.924    
                         clock uncertainty           -0.035    10.889    
                         DSP48E1 (Setup_dsp48e1_CLK_A[14])
                                                     -1.928     8.961    bd_0_i/hls_inst/inst/mac_muladd_16s_16s_32s_32_4_1_U2/maxmul2x2_mac_muladd_16s_16s_32s_32_4_1_DSP48_0_U/p_reg_reg
  -------------------------------------------------------------------
                         required time                          8.961    
                         arrival time                          -3.265    
  -------------------------------------------------------------------
                         slack                                  5.696    

Slack (MET) :             5.696ns  (required time - arrival time)
  Source:                 bd_0_i/hls_inst/inst/b11_read_reg_510_reg[15]/C
                            (rising edge-triggered cell FDRE clocked by ap_clk  {rise@0.000ns fall@5.000ns period=10.000ns})
  Destination:            bd_0_i/hls_inst/inst/mac_muladd_16s_16s_32s_32_4_1_U2/maxmul2x2_mac_muladd_16s_16s_32s_32_4_1_DSP48_0_U/p_reg_reg/A[15]
                            (rising edge-triggered cell DSP48E1 clocked by ap_clk  {rise@0.000ns fall@5.000ns period=10.000ns})
  Path Group:             ap_clk
  Path Type:              Setup (Max at Slow Process Corner)
  Requirement:            10.000ns  (ap_clk rise@10.000ns - ap_clk rise@0.000ns)
  Data Path Delay:        2.292ns  (logic 0.751ns (32.770%)  route 1.541ns (67.230%))
  Logic Levels:           1  (LUT3=1)
  Clock Path Skew:        -0.049ns (DCD - SCD + CPR)
    Destination Clock Delay (DCD):    0.924ns = ( 10.924 - 10.000 ) 
    Source Clock Delay      (SCD):    0.973ns
    Clock Pessimism Removal (CPR):    0.000ns
  Clock Uncertainty:      0.035ns  ((TSJ^2 + TIJ^2)^1/2 + DJ) / 2 + PE
    Total System Jitter     (TSJ):    0.071ns
    Total Input Jitter      (TIJ):    0.000ns
    Discrete Jitter          (DJ):    0.000ns
    Phase Error              (PE):    0.000ns

    Location             Delay type                Incr(ns)  Path(ns)    Netlist Resource(s)
  -------------------------------------------------------------------    -------------------
                         (clock ap_clk rise edge)     0.000     0.000 r  
                                                      0.000     0.000 r  ap_clk (IN)
                         net (fo=217, unset)          0.973     0.973    bd_0_i/hls_inst/inst/ap_clk
                         FDRE                                         r  bd_0_i/hls_inst/inst/b11_read_reg_510_reg[15]/C
  -------------------------------------------------------------------    -------------------
                         FDRE (Prop_fdre_C_Q)         0.456     1.429 r  bd_0_i/hls_inst/inst/b11_read_reg_510_reg[15]/Q
                         net (fo=1, unplaced)         0.741     2.170    bd_0_i/hls_inst/inst/mac_muladd_16s_16s_32s_32_4_1_U2/maxmul2x2_mac_muladd_16s_16s_32s_32_4_1_DSP48_0_U/b11_read_reg_510[15]
                         LUT3 (Prop_lut3_I0_O)        0.295     2.465 r  bd_0_i/hls_inst/inst/mac_muladd_16s_16s_32s_32_4_1_U2/maxmul2x2_mac_muladd_16s_16s_32s_32_4_1_DSP48_0_U/p_reg_reg_i_17/O
                         net (fo=15, unplaced)        0.800     3.265    bd_0_i/hls_inst/inst/mac_muladd_16s_16s_32s_32_4_1_U2/maxmul2x2_mac_muladd_16s_16s_32s_32_4_1_DSP48_0_U/A[15]
                         DSP48E1                                      r  bd_0_i/hls_inst/inst/mac_muladd_16s_16s_32s_32_4_1_U2/maxmul2x2_mac_muladd_16s_16s_32s_32_4_1_DSP48_0_U/p_reg_reg/A[15]
  -------------------------------------------------------------------    -------------------

                         (clock ap_clk rise edge)    10.000    10.000 r  
                                                      0.000    10.000 r  ap_clk (IN)
                         net (fo=217, unset)          0.924    10.924    bd_0_i/hls_inst/inst/mac_muladd_16s_16s_32s_32_4_1_U2/maxmul2x2_mac_muladd_16s_16s_32s_32_4_1_DSP48_0_U/ap_clk
                         DSP48E1                                      r  bd_0_i/hls_inst/inst/mac_muladd_16s_16s_32s_32_4_1_U2/maxmul2x2_mac_muladd_16s_16s_32s_32_4_1_DSP48_0_U/p_reg_reg/CLK
                         clock pessimism              0.000    10.924    
                         clock uncertainty           -0.035    10.889    
                         DSP48E1 (Setup_dsp48e1_CLK_A[15])
                                                     -1.928     8.961    bd_0_i/hls_inst/inst/mac_muladd_16s_16s_32s_32_4_1_U2/maxmul2x2_mac_muladd_16s_16s_32s_32_4_1_DSP48_0_U/p_reg_reg
  -------------------------------------------------------------------
                         required time                          8.961    
                         arrival time                          -3.265    
  -------------------------------------------------------------------
                         slack                                  5.696    

Slack (MET) :             5.696ns  (required time - arrival time)
  Source:                 bd_0_i/hls_inst/inst/b11_read_reg_510_reg[15]/C
                            (rising edge-triggered cell FDRE clocked by ap_clk  {rise@0.000ns fall@5.000ns period=10.000ns})
  Destination:            bd_0_i/hls_inst/inst/mac_muladd_16s_16s_32s_32_4_1_U2/maxmul2x2_mac_muladd_16s_16s_32s_32_4_1_DSP48_0_U/p_reg_reg/A[16]
                            (rising edge-triggered cell DSP48E1 clocked by ap_clk  {rise@0.000ns fall@5.000ns period=10.000ns})
  Path Group:             ap_clk
  Path Type:              Setup (Max at Slow Process Corner)
  Requirement:            10.000ns  (ap_clk rise@10.000ns - ap_clk rise@0.000ns)
  Data Path Delay:        2.292ns  (logic 0.751ns (32.770%)  route 1.541ns (67.230%))
  Logic Levels:           1  (LUT3=1)
  Clock Path Skew:        -0.049ns (DCD - SCD + CPR)
    Destination Clock Delay (DCD):    0.924ns = ( 10.924 - 10.000 ) 
    Source Clock Delay      (SCD):    0.973ns
    Clock Pessimism Removal (CPR):    0.000ns
  Clock Uncertainty:      0.035ns  ((TSJ^2 + TIJ^2)^1/2 + DJ) / 2 + PE
    Total System Jitter     (TSJ):    0.071ns
    Total Input Jitter      (TIJ):    0.000ns
    Discrete Jitter          (DJ):    0.000ns
    Phase Error              (PE):    0.000ns

    Location             Delay type                Incr(ns)  Path(ns)    Netlist Resource(s)
  -------------------------------------------------------------------    -------------------
                         (clock ap_clk rise edge)     0.000     0.000 r  
                                                      0.000     0.000 r  ap_clk (IN)
                         net (fo=217, unset)          0.973     0.973    bd_0_i/hls_inst/inst/ap_clk
                         FDRE                                         r  bd_0_i/hls_inst/inst/b11_read_reg_510_reg[15]/C
  -------------------------------------------------------------------    -------------------
                         FDRE (Prop_fdre_C_Q)         0.456     1.429 r  bd_0_i/hls_inst/inst/b11_read_reg_510_reg[15]/Q
                         net (fo=1, unplaced)         0.741     2.170    bd_0_i/hls_inst/inst/mac_muladd_16s_16s_32s_32_4_1_U2/maxmul2x2_mac_muladd_16s_16s_32s_32_4_1_DSP48_0_U/b11_read_reg_510[15]
                         LUT3 (Prop_lut3_I0_O)        0.295     2.465 r  bd_0_i/hls_inst/inst/mac_muladd_16s_16s_32s_32_4_1_U2/maxmul2x2_mac_muladd_16s_16s_32s_32_4_1_DSP48_0_U/p_reg_reg_i_17/O
                         net (fo=15, unplaced)        0.800     3.265    bd_0_i/hls_inst/inst/mac_muladd_16s_16s_32s_32_4_1_U2/maxmul2x2_mac_muladd_16s_16s_32s_32_4_1_DSP48_0_U/A[15]
                         DSP48E1                                      r  bd_0_i/hls_inst/inst/mac_muladd_16s_16s_32s_32_4_1_U2/maxmul2x2_mac_muladd_16s_16s_32s_32_4_1_DSP48_0_U/p_reg_reg/A[16]
  -------------------------------------------------------------------    -------------------

                         (clock ap_clk rise edge)    10.000    10.000 r  
                                                      0.000    10.000 r  ap_clk (IN)
                         net (fo=217, unset)          0.924    10.924    bd_0_i/hls_inst/inst/mac_muladd_16s_16s_32s_32_4_1_U2/maxmul2x2_mac_muladd_16s_16s_32s_32_4_1_DSP48_0_U/ap_clk
                         DSP48E1                                      r  bd_0_i/hls_inst/inst/mac_muladd_16s_16s_32s_32_4_1_U2/maxmul2x2_mac_muladd_16s_16s_32s_32_4_1_DSP48_0_U/p_reg_reg/CLK
                         clock pessimism              0.000    10.924    
                         clock uncertainty           -0.035    10.889    
                         DSP48E1 (Setup_dsp48e1_CLK_A[16])
                                                     -1.928     8.961    bd_0_i/hls_inst/inst/mac_muladd_16s_16s_32s_32_4_1_U2/maxmul2x2_mac_muladd_16s_16s_32s_32_4_1_DSP48_0_U/p_reg_reg
  -------------------------------------------------------------------
                         required time                          8.961    
                         arrival time                          -3.265    
  -------------------------------------------------------------------
                         slack                                  5.696    

Slack (MET) :             5.696ns  (required time - arrival time)
  Source:                 bd_0_i/hls_inst/inst/b11_read_reg_510_reg[15]/C
                            (rising edge-triggered cell FDRE clocked by ap_clk  {rise@0.000ns fall@5.000ns period=10.000ns})
  Destination:            bd_0_i/hls_inst/inst/mac_muladd_16s_16s_32s_32_4_1_U2/maxmul2x2_mac_muladd_16s_16s_32s_32_4_1_DSP48_0_U/p_reg_reg/A[17]
                            (rising edge-triggered cell DSP48E1 clocked by ap_clk  {rise@0.000ns fall@5.000ns period=10.000ns})
  Path Group:             ap_clk
  Path Type:              Setup (Max at Slow Process Corner)
  Requirement:            10.000ns  (ap_clk rise@10.000ns - ap_clk rise@0.000ns)
  Data Path Delay:        2.292ns  (logic 0.751ns (32.770%)  route 1.541ns (67.230%))
  Logic Levels:           1  (LUT3=1)
  Clock Path Skew:        -0.049ns (DCD - SCD + CPR)
    Destination Clock Delay (DCD):    0.924ns = ( 10.924 - 10.000 ) 
    Source Clock Delay      (SCD):    0.973ns
    Clock Pessimism Removal (CPR):    0.000ns
  Clock Uncertainty:      0.035ns  ((TSJ^2 + TIJ^2)^1/2 + DJ) / 2 + PE
    Total System Jitter     (TSJ):    0.071ns
    Total Input Jitter      (TIJ):    0.000ns
    Discrete Jitter          (DJ):    0.000ns
    Phase Error              (PE):    0.000ns

    Location             Delay type                Incr(ns)  Path(ns)    Netlist Resource(s)
  -------------------------------------------------------------------    -------------------
                         (clock ap_clk rise edge)     0.000     0.000 r  
                                                      0.000     0.000 r  ap_clk (IN)
                         net (fo=217, unset)          0.973     0.973    bd_0_i/hls_inst/inst/ap_clk
                         FDRE                                         r  bd_0_i/hls_inst/inst/b11_read_reg_510_reg[15]/C
  -------------------------------------------------------------------    -------------------
                         FDRE (Prop_fdre_C_Q)         0.456     1.429 r  bd_0_i/hls_inst/inst/b11_read_reg_510_reg[15]/Q
                         net (fo=1, unplaced)         0.741     2.170    bd_0_i/hls_inst/inst/mac_muladd_16s_16s_32s_32_4_1_U2/maxmul2x2_mac_muladd_16s_16s_32s_32_4_1_DSP48_0_U/b11_read_reg_510[15]
                         LUT3 (Prop_lut3_I0_O)        0.295     2.465 r  bd_0_i/hls_inst/inst/mac_muladd_16s_16s_32s_32_4_1_U2/maxmul2x2_mac_muladd_16s_16s_32s_32_4_1_DSP48_0_U/p_reg_reg_i_17/O
                         net (fo=15, unplaced)        0.800     3.265    bd_0_i/hls_inst/inst/mac_muladd_16s_16s_32s_32_4_1_U2/maxmul2x2_mac_muladd_16s_16s_32s_32_4_1_DSP48_0_U/A[15]
                         DSP48E1                                      r  bd_0_i/hls_inst/inst/mac_muladd_16s_16s_32s_32_4_1_U2/maxmul2x2_mac_muladd_16s_16s_32s_32_4_1_DSP48_0_U/p_reg_reg/A[17]
  -------------------------------------------------------------------    -------------------

                         (clock ap_clk rise edge)    10.000    10.000 r  
                                                      0.000    10.000 r  ap_clk (IN)
                         net (fo=217, unset)          0.924    10.924    bd_0_i/hls_inst/inst/mac_muladd_16s_16s_32s_32_4_1_U2/maxmul2x2_mac_muladd_16s_16s_32s_32_4_1_DSP48_0_U/ap_clk
                         DSP48E1                                      r  bd_0_i/hls_inst/inst/mac_muladd_16s_16s_32s_32_4_1_U2/maxmul2x2_mac_muladd_16s_16s_32s_32_4_1_DSP48_0_U/p_reg_reg/CLK
                         clock pessimism              0.000    10.924    
                         clock uncertainty           -0.035    10.889    
                         DSP48E1 (Setup_dsp48e1_CLK_A[17])
                                                     -1.928     8.961    bd_0_i/hls_inst/inst/mac_muladd_16s_16s_32s_32_4_1_U2/maxmul2x2_mac_muladd_16s_16s_32s_32_4_1_DSP48_0_U/p_reg_reg
  -------------------------------------------------------------------
                         required time                          8.961    
                         arrival time                          -3.265    
  -------------------------------------------------------------------
                         slack                                  5.696    

Slack (MET) :             5.696ns  (required time - arrival time)
  Source:                 bd_0_i/hls_inst/inst/b11_read_reg_510_reg[15]/C
                            (rising edge-triggered cell FDRE clocked by ap_clk  {rise@0.000ns fall@5.000ns period=10.000ns})
  Destination:            bd_0_i/hls_inst/inst/mac_muladd_16s_16s_32s_32_4_1_U2/maxmul2x2_mac_muladd_16s_16s_32s_32_4_1_DSP48_0_U/p_reg_reg/A[18]
                            (rising edge-triggered cell DSP48E1 clocked by ap_clk  {rise@0.000ns fall@5.000ns period=10.000ns})
  Path Group:             ap_clk
  Path Type:              Setup (Max at Slow Process Corner)
  Requirement:            10.000ns  (ap_clk rise@10.000ns - ap_clk rise@0.000ns)
  Data Path Delay:        2.292ns  (logic 0.751ns (32.770%)  route 1.541ns (67.230%))
  Logic Levels:           1  (LUT3=1)
  Clock Path Skew:        -0.049ns (DCD - SCD + CPR)
    Destination Clock Delay (DCD):    0.924ns = ( 10.924 - 10.000 ) 
    Source Clock Delay      (SCD):    0.973ns
    Clock Pessimism Removal (CPR):    0.000ns
  Clock Uncertainty:      0.035ns  ((TSJ^2 + TIJ^2)^1/2 + DJ) / 2 + PE
    Total System Jitter     (TSJ):    0.071ns
    Total Input Jitter      (TIJ):    0.000ns
    Discrete Jitter          (DJ):    0.000ns
    Phase Error              (PE):    0.000ns

    Location             Delay type                Incr(ns)  Path(ns)    Netlist Resource(s)
  -------------------------------------------------------------------    -------------------
                         (clock ap_clk rise edge)     0.000     0.000 r  
                                                      0.000     0.000 r  ap_clk (IN)
                         net (fo=217, unset)          0.973     0.973    bd_0_i/hls_inst/inst/ap_clk
                         FDRE                                         r  bd_0_i/hls_inst/inst/b11_read_reg_510_reg[15]/C
  -------------------------------------------------------------------    -------------------
                         FDRE (Prop_fdre_C_Q)         0.456     1.429 r  bd_0_i/hls_inst/inst/b11_read_reg_510_reg[15]/Q
                         net (fo=1, unplaced)         0.741     2.170    bd_0_i/hls_inst/inst/mac_muladd_16s_16s_32s_32_4_1_U2/maxmul2x2_mac_muladd_16s_16s_32s_32_4_1_DSP48_0_U/b11_read_reg_510[15]
                         LUT3 (Prop_lut3_I0_O)        0.295     2.465 r  bd_0_i/hls_inst/inst/mac_muladd_16s_16s_32s_32_4_1_U2/maxmul2x2_mac_muladd_16s_16s_32s_32_4_1_DSP48_0_U/p_reg_reg_i_17/O
                         net (fo=15, unplaced)        0.800     3.265    bd_0_i/hls_inst/inst/mac_muladd_16s_16s_32s_32_4_1_U2/maxmul2x2_mac_muladd_16s_16s_32s_32_4_1_DSP48_0_U/A[15]
                         DSP48E1                                      r  bd_0_i/hls_inst/inst/mac_muladd_16s_16s_32s_32_4_1_U2/maxmul2x2_mac_muladd_16s_16s_32s_32_4_1_DSP48_0_U/p_reg_reg/A[18]
  -------------------------------------------------------------------    -------------------

                         (clock ap_clk rise edge)    10.000    10.000 r  
                                                      0.000    10.000 r  ap_clk (IN)
                         net (fo=217, unset)          0.924    10.924    bd_0_i/hls_inst/inst/mac_muladd_16s_16s_32s_32_4_1_U2/maxmul2x2_mac_muladd_16s_16s_32s_32_4_1_DSP48_0_U/ap_clk
                         DSP48E1                                      r  bd_0_i/hls_inst/inst/mac_muladd_16s_16s_32s_32_4_1_U2/maxmul2x2_mac_muladd_16s_16s_32s_32_4_1_DSP48_0_U/p_reg_reg/CLK
                         clock pessimism              0.000    10.924    
                         clock uncertainty           -0.035    10.889    
                         DSP48E1 (Setup_dsp48e1_CLK_A[18])
                                                     -1.928     8.961    bd_0_i/hls_inst/inst/mac_muladd_16s_16s_32s_32_4_1_U2/maxmul2x2_mac_muladd_16s_16s_32s_32_4_1_DSP48_0_U/p_reg_reg
  -------------------------------------------------------------------
                         required time                          8.961    
                         arrival time                          -3.265    
  -------------------------------------------------------------------
                         slack                                  5.696    




