  **** HLS Build v2025.1 6135595
INFO: [HLS 200-2005] Using work_dir C:/Users/ankha/Desktop/FPGA_Design/KhanhTran_Lab2/KhanhTran_Lab2 
INFO: [HLS 200-2176] Writing Vitis IDE component file C:/Users/ankha/Desktop/FPGA_Design/KhanhTran_Lab2/KhanhTran_Lab2/vitis-comp.json
INFO: [HLS 200-10] Creating and opening component 'C:/Users/ankha/Desktop/FPGA_Design/KhanhTran_Lab2/KhanhTran_Lab2'.
INFO: [HLS 200-1505] Using default flow_target 'vivado'
Resolution: For help on HLS 200-1505 see docs.xilinx.com/access/sources/dita/topic?Doc_Version=2025.1%20English&url=ug1448-hls-guidance&resourceid=200-1505.html
INFO: [HLS 200-2174] Applying component config ini file C:/Users/ankha/Desktop/FPGA_Design/KhanhTran_Lab2/hls_config.cfg
INFO: [HLS 200-1465] Applying config ini 'syn.file=fir16.cpp' from C:/Users/ankha/Desktop/FPGA_Design/KhanhTran_Lab2/hls_config.cfg(9)
INFO: [HLS 200-10] Adding design file 'C:/Users/ankha/Desktop/FPGA_Design/KhanhTran_Lab2/fir16.cpp' to the project
INFO: [HLS 200-1465] Applying config ini 'syn.file=fir16.h' from C:/Users/ankha/Desktop/FPGA_Design/KhanhTran_Lab2/hls_config.cfg(10)
INFO: [HLS 200-10] Adding design file 'C:/Users/ankha/Desktop/FPGA_Design/KhanhTran_Lab2/fir16.h' to the project
INFO: [HLS 200-1465] Applying config ini 'syn.file=fir_16_unroll4.cpp' from C:/Users/ankha/Desktop/FPGA_Design/KhanhTran_Lab2/hls_config.cfg(11)
INFO: [HLS 200-10] Adding design file 'C:/Users/ankha/Desktop/FPGA_Design/KhanhTran_Lab2/fir_16_unroll4.cpp' to the project
INFO: [HLS 200-1465] Applying config ini 'syn.file=fir16_unroll16.cpp' from C:/Users/ankha/Desktop/FPGA_Design/KhanhTran_Lab2/hls_config.cfg(12)
INFO: [HLS 200-10] Adding design file 'C:/Users/ankha/Desktop/FPGA_Design/KhanhTran_Lab2/fir16_unroll16.cpp' to the project
INFO: [HLS 200-1465] Applying config ini 'tb.file=tb_fir16.cpp' from C:/Users/ankha/Desktop/FPGA_Design/KhanhTran_Lab2/hls_config.cfg(13)
INFO: [HLS 200-10] Adding test bench file 'C:/Users/ankha/Desktop/FPGA_Design/KhanhTran_Lab2/tb_fir16.cpp' to the project
INFO: [HLS 200-1465] Applying config ini 'tb.cflags=-DDUT_NAME=fir16_unroll16' from C:/Users/ankha/Desktop/FPGA_Design/KhanhTran_Lab2/hls_config.cfg(15)
INFO: [HLS 200-1465] Applying config ini 'syn.top=fir16_unroll16' from C:/Users/ankha/Desktop/FPGA_Design/KhanhTran_Lab2/hls_config.cfg(7)
INFO: [HLS 200-1465] Applying config ini 'flow_target=vivado' from C:/Users/ankha/Desktop/FPGA_Design/KhanhTran_Lab2/hls_config.cfg(4)
INFO: [HLS 200-1505] Using flow_target 'vivado'
Resolution: For help on HLS 200-1505 see docs.xilinx.com/access/sources/dita/topic?Doc_Version=2025.1%20English&url=ug1448-hls-guidance&resourceid=200-1505.html
INFO: [HLS 200-1465] Applying config ini 'part=xc7a35tcpg236-1' from C:/Users/ankha/Desktop/FPGA_Design/KhanhTran_Lab2/hls_config.cfg(1)
INFO: [HLS 200-1611] Setting target device to 'xc7a35t-cpg236-1'
INFO: [HLS 200-1465] Applying config ini 'cosim.argv=-DDUT_NAME=fir16_unroll4' from C:/Users/ankha/Desktop/FPGA_Design/KhanhTran_Lab2/hls_config.cfg(14)
INFO: [HLS 200-1465] Applying config ini 'csim.code_analyzer=1' from C:/Users/ankha/Desktop/FPGA_Design/KhanhTran_Lab2/hls_config.cfg(8)
INFO: [HLS 200-1465] Applying config ini 'package.output.format=ip_catalog' from C:/Users/ankha/Desktop/FPGA_Design/KhanhTran_Lab2/hls_config.cfg(5)
INFO: [HLS 200-2176] Writing Vitis IDE component file C:/Users/ankha/Desktop/FPGA_Design/KhanhTran_Lab2/KhanhTran_Lab2/vitis-comp.json
INFO: [HLS 200-111] Finished File checks and directory preparation: CPU user time: 1 seconds. CPU system time: 1 seconds. Elapsed time: 2.211 seconds; current allocated memory: 145.887 MB.
INFO: [HLS 200-10] Analyzing design file 'fir16_unroll16.cpp' ... 
INFO: [HLS 200-10] Analyzing design file 'fir_16_unroll4.cpp' ... 
INFO: [HLS 200-10] Analyzing design file 'fir16.cpp' ... 
INFO: [HLS 200-111] Finished Source Code Analysis and Preprocessing: CPU user time: 0 seconds. CPU system time: 0 seconds. Elapsed time: 8.591 seconds; current allocated memory: 148.617 MB.
INFO: [HLS 200-777] Using interface defaults for 'Vivado' flow target.
INFO: [HLS 200-1995] There were 348 instructions in the design after the 'Compile/Link' phase of compilation. See the Design Size Report for more details (C:/Users/ankha/Desktop/FPGA_Design/KhanhTran_Lab2/KhanhTran_Lab2/hls/syn/report/csynth_design_size.rpt:2)
INFO: [HLS 200-1995] There were 157 instructions in the design after the 'Unroll/Inline (step 1)' phase of compilation. See the Design Size Report for more details (C:/Users/ankha/Desktop/FPGA_Design/KhanhTran_Lab2/KhanhTran_Lab2/hls/syn/report/csynth_design_size.rpt:2)
INFO: [HLS 200-1995] There were 97 instructions in the design after the 'Unroll/Inline (step 2)' phase of compilation. See the Design Size Report for more details (C:/Users/ankha/Desktop/FPGA_Design/KhanhTran_Lab2/KhanhTran_Lab2/hls/syn/report/csynth_design_size.rpt:2)
INFO: [HLS 200-1995] There were 90 instructions in the design after the 'Unroll/Inline (step 3)' phase of compilation. See the Design Size Report for more details (C:/Users/ankha/Desktop/FPGA_Design/KhanhTran_Lab2/KhanhTran_Lab2/hls/syn/report/csynth_design_size.rpt:2)
INFO: [HLS 200-1995] There were 90 instructions in the design after the 'Unroll/Inline (step 4)' phase of compilation. See the Design Size Report for more details (C:/Users/ankha/Desktop/FPGA_Design/KhanhTran_Lab2/KhanhTran_Lab2/hls/syn/report/csynth_design_size.rpt:2)
INFO: [HLS 200-1995] There were 122 instructions in the design after the 'Array/Struct (step 1)' phase of compilation. See the Design Size Report for more details (C:/Users/ankha/Desktop/FPGA_Design/KhanhTran_Lab2/KhanhTran_Lab2/hls/syn/report/csynth_design_size.rpt:2)
INFO: [HLS 200-1995] There were 103 instructions in the design after the 'Array/Struct (step 2)' phase of compilation. See the Design Size Report for more details (C:/Users/ankha/Desktop/FPGA_Design/KhanhTran_Lab2/KhanhTran_Lab2/hls/syn/report/csynth_design_size.rpt:2)
INFO: [HLS 200-1995] There were 103 instructions in the design after the 'Array/Struct (step 3)' phase of compilation. See the Design Size Report for more details (C:/Users/ankha/Desktop/FPGA_Design/KhanhTran_Lab2/KhanhTran_Lab2/hls/syn/report/csynth_design_size.rpt:2)
INFO: [HLS 200-1995] There were 103 instructions in the design after the 'Array/Struct (step 4)' phase of compilation. See the Design Size Report for more details (C:/Users/ankha/Desktop/FPGA_Design/KhanhTran_Lab2/KhanhTran_Lab2/hls/syn/report/csynth_design_size.rpt:2)
INFO: [HLS 200-1995] There were 62 instructions in the design after the 'Array/Struct (step 5)' phase of compilation. See the Design Size Report for more details (C:/Users/ankha/Desktop/FPGA_Design/KhanhTran_Lab2/KhanhTran_Lab2/hls/syn/report/csynth_design_size.rpt:2)
INFO: [HLS 200-1995] There were 62 instructions in the design after the 'Performance (step 1)' phase of compilation. See the Design Size Report for more details (C:/Users/ankha/Desktop/FPGA_Design/KhanhTran_Lab2/KhanhTran_Lab2/hls/syn/report/csynth_design_size.rpt:2)
INFO: [HLS 200-1995] There were 62 instructions in the design after the 'Performance (step 2)' phase of compilation. See the Design Size Report for more details (C:/Users/ankha/Desktop/FPGA_Design/KhanhTran_Lab2/KhanhTran_Lab2/hls/syn/report/csynth_design_size.rpt:2)
INFO: [HLS 200-1995] There were 62 instructions in the design after the 'Performance (step 3)' phase of compilation. See the Design Size Report for more details (C:/Users/ankha/Desktop/FPGA_Design/KhanhTran_Lab2/KhanhTran_Lab2/hls/syn/report/csynth_design_size.rpt:2)
INFO: [HLS 200-1995] There were 62 instructions in the design after the 'Performance (step 4)' phase of compilation. See the Design Size Report for more details (C:/Users/ankha/Desktop/FPGA_Design/KhanhTran_Lab2/KhanhTran_Lab2/hls/syn/report/csynth_design_size.rpt:2)
INFO: [HLS 200-1995] There were 66 instructions in the design after the 'HW Transforms (step 1)' phase of compilation. See the Design Size Report for more details (C:/Users/ankha/Desktop/FPGA_Design/KhanhTran_Lab2/KhanhTran_Lab2/hls/syn/report/csynth_design_size.rpt:2)
INFO: [HLS 200-1995] There were 76 instructions in the design after the 'HW Transforms (step 2)' phase of compilation. See the Design Size Report for more details (C:/Users/ankha/Desktop/FPGA_Design/KhanhTran_Lab2/KhanhTran_Lab2/hls/syn/report/csynth_design_size.rpt:2)
INFO: [HLS 214-291] Loop 'Shift' is marked as complete unroll implied by the pipeline pragma (fir16_unroll16.cpp:24:9)
INFO: [HLS 214-291] Loop 'MAC' is marked as complete unroll implied by the pipeline pragma (fir16_unroll16.cpp:32:14)
INFO: [HLS 214-186] Unrolling loop 'Shift' (fir16_unroll16.cpp:24:9) in function 'fir16_unroll16' completely with a factor of 15 (fir16_unroll16.cpp:5:0)
INFO: [HLS 214-186] Unrolling loop 'MAC' (fir16_unroll16.cpp:32:14) in function 'fir16_unroll16' completely with a factor of 16 (fir16_unroll16.cpp:5:0)
INFO: [HLS 214-248] Applying array_partition to 'shift_reg': Complete partitioning on dimension 1. (fir16_unroll16.cpp:8:11)
INFO: [HLS 214-376] automatically set the pipeline for Loop< Init> at fir16_unroll16.cpp:13:8 
INFO: [HLS 200-111] Finished Compiling Optimization and Transform: CPU user time: 0 seconds. CPU system time: 0 seconds. Elapsed time: 8.984 seconds; current allocated memory: 150.523 MB.
INFO: [HLS 200-111] Finished Checking Pragmas: CPU user time: 0 seconds. CPU system time: 0 seconds. Elapsed time: 0.006 seconds; current allocated memory: 150.523 MB.
INFO: [HLS 200-10] Starting code transformations ...
INFO: [HLS 200-111] Finished Standard Transforms: CPU user time: 1 seconds. CPU system time: 0 seconds. Elapsed time: 0.012 seconds; current allocated memory: 154.828 MB.
INFO: [HLS 200-10] Checking synthesizability ...
INFO: [HLS 200-111] Finished Checking Synthesizability: CPU user time: 0 seconds. CPU system time: 0 seconds. Elapsed time: 0.007 seconds; current allocated memory: 156.164 MB.
INFO: [XFORM 203-401] Performing if-conversion on hyperblock from (fir16_unroll16.cpp:13:17) to (fir16_unroll16.cpp:13:8) in function 'fir16_unroll16'... converting 3 basic blocks.
INFO: [XFORM 203-11] Balancing expressions in function 'fir16_unroll16' (fir16_unroll16.cpp:5:13)...5 expression(s) balanced.
INFO: [HLS 200-111] Finished Loop, function and other optimizations: CPU user time: 0 seconds. CPU system time: 0 seconds. Elapsed time: 0.026 seconds; current allocated memory: 177.547 MB.
INFO: [HLS 200-111] Finished Architecture Synthesis: CPU user time: 0 seconds. CPU system time: 0 seconds. Elapsed time: 0.02 seconds; current allocated memory: 177.551 MB.
INFO: [HLS 200-10] Starting hardware synthesis ...
INFO: [HLS 200-10] Synthesizing 'fir16_unroll16' ...
INFO: [SYN 201-201] Setting up clock 'default' with a period of 10ns.
INFO: [HLS 200-10] ----------------------------------------------------------------
INFO: [HLS 200-42] -- Implementing module 'fir16_unroll16' 
INFO: [HLS 200-10] ----------------------------------------------------------------
INFO: [SCHED 204-11] Starting scheduling ...
INFO: [SCHED 204-61] Pipelining loop 'Loop_i'.
INFO: [HLS 200-1470] Pipelining result : Target II = 1, Final II = 1, Depth = 5, loop 'Loop_i'
INFO: [SCHED 204-11] Finished scheduling.
INFO: [HLS 200-111] Finished Scheduling: CPU user time: 0 seconds. CPU system time: 0 seconds. Elapsed time: 0.07 seconds; current allocated memory: 177.551 MB.
INFO: [BIND 205-100] Starting micro-architecture generation ...
INFO: [BIND 205-101] Performing variable lifetime analysis.
INFO: [BIND 205-101] Exploring resource sharing.
INFO: [BIND 205-101] Binding ...
INFO: [BIND 205-100] Finished micro-architecture generation.
INFO: [HLS 200-111] Finished Binding: CPU user time: 0 seconds. CPU system time: 0 seconds. Elapsed time: 0.026 seconds; current allocated memory: 177.551 MB.
INFO: [HLS 200-10] ----------------------------------------------------------------
INFO: [HLS 200-10] -- Generating RTL for module 'fir16_unroll16' 
INFO: [HLS 200-10] ----------------------------------------------------------------
INFO: [RTGEN 206-500] Setting interface mode on port 'fir16_unroll16/x' to 'ap_memory'.
INFO: [RTGEN 206-500] Setting interface mode on port 'fir16_unroll16/y' to 'ap_memory'.
INFO: [RTGEN 206-500] Setting interface mode on function 'fir16_unroll16' to 'ap_ctrl_hs'.
INFO: [HLS 200-1030] Apply Unified Pipeline Control on module 'fir16_unroll16' pipeline 'Loop_i' pipeline type 'loop pipeline'
INFO: [RTGEN 206-100] Finished creating RTL model for 'fir16_unroll16'.
INFO: [HLS 200-111] Finished Creating RTL model: CPU user time: 0 seconds. CPU system time: 0 seconds. Elapsed time: 1.821 seconds; current allocated memory: 177.883 MB.
INFO: [HLS 200-111] Finished Generating all RTL models: CPU user time: 0 seconds. CPU system time: 0 seconds. Elapsed time: 0.269 seconds; current allocated memory: 182.660 MB.
INFO: [HLS 200-111] Finished Updating report files: CPU user time: 0 seconds. CPU system time: 1 seconds. Elapsed time: 0.46 seconds; current allocated memory: 184.734 MB.
INFO: [VHDL 208-304] Generating VHDL RTL for fir16_unroll16.
INFO: [VLOG 209-307] Generating Verilog RTL for fir16_unroll16.
INFO: [HLS 200-790] **** Loop Constraint Status: All loop constraints were satisfied.
INFO: [HLS 200-789] **** Estimated Fmax: 156.15 MHz
INFO: [HLS 200-112] Total CPU user time: 2 seconds. Total CPU system time: 2 seconds. Total elapsed time: 22.515 seconds; peak allocated memory: 184.820 MB.
INFO: [v++ 60-791] Total elapsed time: 0h 0m 26s
