Copyright 1986-2022 Xilinx, Inc. All Rights Reserved. Copyright 2022-2025 Advanced Micro Devices, Inc. All Rights Reserved.
---------------------------------------------------------------------------------------------------------------------------------------------
| Tool Version : Vivado v.2025.1 (win64) Build 6140274 Thu May 22 00:12:29 MDT 2025
| Date         : Wed Nov  5 17:13:24 2025
| Host         : katnlot running 64-bit major release  (build 9200)
| Command      : report_drc -file bd_0_wrapper_drc_opted.rpt -pb bd_0_wrapper_drc_opted.pb -rpx bd_0_wrapper_drc_opted.rpx
| Design       : bd_0_wrapper
| Device       : xc7a35tcpg236-1
| Speed File   : -1
| Design State : Synthesized
---------------------------------------------------------------------------------------------------------------------------------------------

Report DRC

Table of Contents
-----------------
1. REPORT SUMMARY
2. REPORT DETAILS

1. REPORT SUMMARY
-----------------
            Netlist: netlist
          Floorplan: checkpoint_bd_0_wrapper
      Design limits: <entire design considered>
           Ruledeck: default
             Max checks: <unlimited>
             Checks found: 3
+----------+----------+-----------------------------------------------------+--------+
| Rule     | Severity | Description                                         | Checks |
+----------+----------+-----------------------------------------------------+--------+
| CFGBVS-1 | Warning  | Missing CFGBVS and CONFIG_VOLTAGE Design Properties | 1      |
| DPIP-1   | Warning  | Input pipelining                                    | 2      |
+----------+----------+-----------------------------------------------------+--------+

2. REPORT DETAILS
-----------------
CFGBVS-1#1 Warning
Missing CFGBVS and CONFIG_VOLTAGE Design Properties  
Neither the CFGBVS nor CONFIG_VOLTAGE voltage property is set in the current_design.  Configuration bank voltage select (CFGBVS) must be set to VCCO or GND, and CONFIG_VOLTAGE must be set to the correct configuration voltage, in order to determine the I/O voltage support for the pins in bank 0.  It is suggested to specify these either using the 'Edit Device Properties' function in the GUI or directly in the XDC file using the following syntax:

 set_property CFGBVS value1 [current_design]
 #where value1 is either VCCO or GND

 set_property CONFIG_VOLTAGE value2 [current_design]
 #where value2 is the voltage provided to configuration bank 0

Refer to the device configuration user guide for more information.
Related violations: <none>

DPIP-1#1 Warning
Input pipelining  
DSP bd_0_i/hls_inst/inst/mac_muladd_16s_16s_32s_32_4_1_U2/maxmul2x2_mac_muladd_16s_16s_32s_32_4_1_DSP48_0_U/p_reg_reg input bd_0_i/hls_inst/inst/mac_muladd_16s_16s_32s_32_4_1_U2/maxmul2x2_mac_muladd_16s_16s_32s_32_4_1_DSP48_0_U/p_reg_reg/A[29:0] is not pipelined. Pipelining DSP48 input will improve performance.
Related violations: <none>

DPIP-1#2 Warning
Input pipelining  
DSP bd_0_i/hls_inst/inst/mac_muladd_16s_16s_32s_32_4_1_U2/maxmul2x2_mac_muladd_16s_16s_32s_32_4_1_DSP48_0_U/p_reg_reg input bd_0_i/hls_inst/inst/mac_muladd_16s_16s_32s_32_4_1_U2/maxmul2x2_mac_muladd_16s_16s_32s_32_4_1_DSP48_0_U/p_reg_reg/B[17:0] is not pipelined. Pipelining DSP48 input will improve performance.
Related violations: <none>


