  **** HLS Build v2025.1 6135595
INFO: [HLS 200-2005] Using work_dir C:/Users/ankha/Desktop/FPGA_Design/KhanhTran_Lab3/KhanhTran_Lab3 
INFO: [HLS 200-2176] Writing Vitis IDE component file C:/Users/ankha/Desktop/FPGA_Design/KhanhTran_Lab3/KhanhTran_Lab3/vitis-comp.json
INFO: [HLS 200-10] Creating and opening component 'C:/Users/ankha/Desktop/FPGA_Design/KhanhTran_Lab3/KhanhTran_Lab3'.
INFO: [HLS 200-1611] Setting target device to 'xc7a35t-cpg236-1'
INFO: [HLS 200-1505] Using default flow_target 'vivado'
Resolution: For help on HLS 200-1505 see docs.xilinx.com/access/sources/dita/topic?Doc_Version=2025.1%20English&url=ug1448-hls-guidance&resourceid=200-1505.html
INFO: [HLS 200-2174] Applying component config ini file C:/Users/ankha/Desktop/FPGA_Design/KhanhTran_Lab3/hls_config.cfg
INFO: [HLS 200-1465] Applying config ini 'syn.file=sobel.cpp' from C:/Users/ankha/Desktop/FPGA_Design/KhanhTran_Lab3/hls_config.cfg(7)
INFO: [HLS 200-10] Adding design file 'C:/Users/ankha/Desktop/FPGA_Design/KhanhTran_Lab3/sobel.cpp' to the project
INFO: [HLS 200-1465] Applying config ini 'tb.file=sobel_testbench.cpp' from C:/Users/ankha/Desktop/FPGA_Design/KhanhTran_Lab3/hls_config.cfg(8)
INFO: [HLS 200-10] Adding test bench file 'C:/Users/ankha/Desktop/FPGA_Design/KhanhTran_Lab3/sobel_testbench.cpp' to the project
INFO: [HLS 200-1465] Applying config ini 'syn.top=sobel_rgb_axis' from C:/Users/ankha/Desktop/FPGA_Design/KhanhTran_Lab3/hls_config.cfg(9)
INFO: [HLS 200-1465] Applying config ini 'flow_target=vivado' from C:/Users/ankha/Desktop/FPGA_Design/KhanhTran_Lab3/hls_config.cfg(4)
INFO: [HLS 200-1505] Using flow_target 'vivado'
Resolution: For help on HLS 200-1505 see docs.xilinx.com/access/sources/dita/topic?Doc_Version=2025.1%20English&url=ug1448-hls-guidance&resourceid=200-1505.html
INFO: [HLS 200-1465] Applying config ini 'part=xc7a35tcpg236-1' from C:/Users/ankha/Desktop/FPGA_Design/KhanhTran_Lab3/hls_config.cfg(1)
INFO: [HLS 200-1465] Applying config ini 'cosim.wave_debug=1' from C:/Users/ankha/Desktop/FPGA_Design/KhanhTran_Lab3/hls_config.cfg(10)
INFO: [HLS 200-1465] Applying config ini 'csim.code_analyzer=1' from C:/Users/ankha/Desktop/FPGA_Design/KhanhTran_Lab3/hls_config.cfg(11)
INFO: [HLS 200-1465] Applying config ini 'package.output.format=ip_catalog' from C:/Users/ankha/Desktop/FPGA_Design/KhanhTran_Lab3/hls_config.cfg(5)
INFO: [HLS 200-2176] Writing Vitis IDE component file C:/Users/ankha/Desktop/FPGA_Design/KhanhTran_Lab3/KhanhTran_Lab3/vitis-comp.json
ERROR: [COSIM 212-366] Cannot delete directory  'sim/tv': it is being used by another program. Please close the program and try again.
error deleting "C:/Users/ankha/Desktop/FPGA_Design/KhanhTran_Lab3/KhanhTran_Lab3/hls/sim/tv\cdatafile\c.sobel_rgb_axis.autotvin_height.dat": permission denied
ERROR: [COSIM 212-5] *** C/RTL co-simulation file generation failed. ***
ERROR: [COSIM 212-4] *** C/RTL co-simulation finished: FAIL ***
ERROR: 
INFO: [HLS 200-112] Total CPU user time: 1 seconds. Total CPU system time: 1 seconds. Total elapsed time: 1.608 seconds; peak allocated memory: 207.098 MB.
