#-----------------------------------------------------------
# Vivado v2025.1 (64-bit)
# SW Build 6140274 on Thu May 22 00:12:29 MDT 2025
# IP Build 6138677 on Thu May 22 03:10:11 MDT 2025
# SharedData Build 6139179 on Tue May 20 17:58:58 MDT 2025
# Start of session at: Mon Sep  8 21:22:25 2025
# Process ID         : 50816
# Current directory  : C:/Users/ankha/Desktop/FPGA_Design/lab0/lab0/hls/impl/ip
# Command line       : vivado.exe -notrace -mode batch -source run_ippack.tcl
# Log file           : C:/Users/ankha/Desktop/FPGA_Design/lab0/lab0/hls/impl/ip/vivado.log
# Journal file       : C:/Users/ankha/Desktop/FPGA_Design/lab0/lab0/hls/impl/ip\vivado.jou
# Running On         : katnlot
# Platform           : Windows Server 2016 or Windows 10
# Operating System   : 26100
# Processor Detail   : AMD Ryzen 5 7600X 6-Core Processor             
# CPU Frequency      : 4691 MHz
# CPU Physical cores : 6
# CPU Logical cores  : 12
# Host memory        : 67768 MB
# Swap memory        : 4294 MB
# Total Virtual      : 72063 MB
# Available Virtual  : 30960 MB
#-----------------------------------------------------------
source run_ippack.tcl -notrace
INFO: calling package_hls_ip ip_types=vitis sysgen json_file=C:/Users/ankha/Desktop/FPGA_Design/lab0/lab0/hls/hls_data.json outdir=C:/Users/ankha/Desktop/FPGA_Design/lab0/lab0/hls/impl/ip srcdir=C:/Users/ankha/Desktop/FPGA_Design/lab0/lab0/hls ippack_options_dict= ippack_options_dict=
INFO: Copied 1 ipmisc file(s) to C:/Users/ankha/Desktop/FPGA_Design/lab0/lab0/hls/impl/ip/misc
INFO: Copied 1 verilog file(s) to C:/Users/ankha/Desktop/FPGA_Design/lab0/lab0/hls/impl/ip/hdl/verilog
INFO: Copied 1 vhdl file(s) to C:/Users/ankha/Desktop/FPGA_Design/lab0/lab0/hls/impl/ip/hdl/vhdl
WARNING: [Common 17-1496] Vivado tclapp support version doesn't have install/uninstall hooks. Please update support using ::tclapp::update_support command.
WARNING: [Common 17-1496] Vivado tclapp support version doesn't have install/uninstall hooks. Please update support using ::tclapp::update_support command.
WARNING: [Common 17-1496] Vivado tclapp support version doesn't have install/uninstall hooks. Please update support using ::tclapp::update_support command.
WARNING: [Common 17-1496] Vivado tclapp support version doesn't have install/uninstall hooks. Please update support using ::tclapp::update_support command.
INFO: Import ports from HDL: C:/Users/ankha/Desktop/FPGA_Design/lab0/lab0/hls/impl/ip/hdl/vhdl/mux_2to1.vhd (mux_2to1)
INFO: Add data interface a
INFO: Add data interface b
INFO: Add data interface sel
INFO: Add data interface y
INFO: [IP_Flow 19-234] Refreshing IP repositories
INFO: [IP_Flow 19-1704] No user IP repositories specified
INFO: [IP_Flow 19-2313] Loaded Vivado IP repository 'D:/Xilinx_2025/2025.1/Vivado/data/ip'.
INFO: Add reset interface ap_rst
INFO: Calling post_process_vitis to specialize IP
INFO: Calling post_process_sysgen to specialize IP
Generating sysgen info xml from json file
INFO: Created IP C:/Users/ankha/Desktop/FPGA_Design/lab0/lab0/hls/impl/ip/component.xml
INFO: Created IP archive C:/Users/ankha/Desktop/FPGA_Design/lab0/lab0/hls/impl/ip/xilinx_com_hls_mux_2to1_1_0.zip
INFO: [Common 17-206] Exiting Vivado at Mon Sep  8 21:22:34 2025...
