C:\Users\ankha\Desktop\FPGA_Design\KhanhTran_Lab2\KhanhTran_Lab2\hls\.autopilot\db\fir16_unroll16.pp.0.cpp:2256:5: warning: Added loop label VITIS_LOOP_676_1:   [xilinx-label-all-loops]
    for (unsigned i = low; i != high+1; ++i) {
    ^~~
    VITIS_LOOP_676_1: 
C:\Users\ankha\Desktop\FPGA_Design\KhanhTran_Lab2\KhanhTran_Lab2\hls\.autopilot\db\fir16_unroll16.pp.0.cpp:2256:5: note: FIX-IT applied suggested code changes
C:\Users\ankha\Desktop\FPGA_Design\KhanhTran_Lab2\KhanhTran_Lab2\hls\.autopilot\db\fir16_unroll16.pp.0.cpp:2270:5: warning: Added loop label VITIS_LOOP_690_1:   [xilinx-label-all-loops]
    for (unsigned i = low; i != high+1; ++i) {
    ^~~
    VITIS_LOOP_690_1: 
C:\Users\ankha\Desktop\FPGA_Design\KhanhTran_Lab2\KhanhTran_Lab2\hls\.autopilot\db\fir16_unroll16.pp.0.cpp:2270:5: note: FIX-IT applied suggested code changes
C:\Users\ankha\Desktop\FPGA_Design\KhanhTran_Lab2\KhanhTran_Lab2\hls\.autopilot\db\fir16_unroll16.pp.0.cpp:2284:5: warning: Added loop label VITIS_LOOP_704_1:   [xilinx-label-all-loops]
    for (unsigned i = low; i != high+1; ++i) {
    ^~~
    VITIS_LOOP_704_1: 
C:\Users\ankha\Desktop\FPGA_Design\KhanhTran_Lab2\KhanhTran_Lab2\hls\.autopilot\db\fir16_unroll16.pp.0.cpp:2284:5: note: FIX-IT applied suggested code changes
C:\Users\ankha\Desktop\FPGA_Design\KhanhTran_Lab2\KhanhTran_Lab2\hls\.autopilot\db\fir16_unroll16.pp.0.cpp:4252:7: warning: Added loop label VITIS_LOOP_1248_1:   [xilinx-label-all-loops]
      for (i = 0; i < __N - 1; ++i) {
      ^~~
      VITIS_LOOP_1248_1: 
C:\Users\ankha\Desktop\FPGA_Design\KhanhTran_Lab2\KhanhTran_Lab2\hls\.autopilot\db\fir16_unroll16.pp.0.cpp:4252:7: note: FIX-IT applied suggested code changes
