================================================================
== Vivado Place & Route Results
================================================================
+ General Information:
    * Date:            Wed Nov 05 17:13:59 -0500 2025
    * Version:         2025.1 (Build 6135595 on May 21 2025)
    * Project:         KhanhTran_Lab4
    * Solution:        hls (Vivado IP Flow Target)
    * Product family:  artix7
    * Target device:   xc7a35t-cpg236-1


================================================================
== Run Constraints & Options
================================================================
+ Design Constraints & Options:
    * Place & Route target clock:  10 ns
    * C-Synthesis uncertainty:     27%

+ RTL Synthesis Options:
    * config_export -vivado_synth_strategy:     default
    * config_export -vivado_synth_design_args:  -directive sdx_optimization_effort_high

+ Place & Route Options:
    * config_export -vivado_impl_strategy:  default
    * config_export -vivado_phys_opt:       auto

+ Reporting Options:
    * config_export -vivado_report_level:      2
    * config_export -vivado_max_timing_paths:  10


================================================================
== Place & Route Resource Summary
================================================================
LUT:              177
FF:               212
DSP:              2
BRAM:             0
URAM:             0
SRL:              3


================================================================
== Place & Route Timing Summary
================================================================
* Timing was met
+----------------+-------------+
| Timing         | Period (ns) |
+----------------+-------------+
| Target         | 10.000      |
| Post-Synthesis | 4.304       |
| Post-Route     | 5.592       |
+----------------+-------------+


================================================================
== Place & Route Resources
================================================================
+------------------------------------+-----+-----+-----+------+------+-----+--------+------+---------+----------+--------+
| Name                               | LUT | FF  | DSP | BRAM | URAM | SRL | Pragma | Impl | Latency | Variable | Source |
+------------------------------------+-----+-----+-----+------+------+-----+--------+------+---------+----------+--------+
| inst                               | 177 | 212 | 2   |      |      |     |        |      |         |          |        |
|   (inst)                           | 5   | 211 |     |      |      |     |        |      |         |          |        |
|   flow_control_loop_pipe_U         |     |     |     |      |      |     |        |      |         |          |        |
|   mac_muladd_16s_16s_32s_32_4_1_U2 | 144 |     | 2   |      |      |     |        |      |         |          |        |
+------------------------------------+-----+-----+-----+------+------+-----+--------+------+---------+----------+--------+


================================================================
== Place & Route Fail Fast
================================================================
+-----------------------------------------------------------+-----------+--------+--------+
| Criteria                                                  | Guideline | Actual | Status |
+-----------------------------------------------------------+-----------+--------+--------+
| LUT                                                       | 70%       | 0.85%  | OK     |
| FD                                                        | 50%       | 0.51%  | OK     |
| LUTRAM+SRL                                                | 25%       | 0.03%  | OK     |
| MUXF7                                                     | 15%       | 0.00%  | OK     |
| DSP                                                       | 80%       | 2.22%  | OK     |
| RAMB/FIFO                                                 | 80%       | 0.00%  | OK     |
| DSP+RAMB+URAM (Avg)                                       | 70%       | 2.22%  | OK     |
| BUFGCE* + BUFGCTRL                                        | 24        | 0      | OK     |
| DONT_TOUCH (cells/nets)                                   | 0         | 0      | OK     |
| MARK_DEBUG (nets)                                         | 0         | 0      | OK     |
| Control Sets                                              | 390       | 3      | OK     |
| Average Fanout for modules > 100k cells                   | 4         | 2.48   | OK     |
| Max Average Fanout for modules > 100k cells               | 4         | 0      | OK     |
| Non-FD high fanout nets > 10k loads                       | 0         | 0      | OK     |
+-----------------------------------------------------------+-----------+--------+--------+
| TIMING-6 (No common primary clock between related clocks) | 0         | 0      | OK     |
| TIMING-7 (No common node between related clocks)          | 0         | 0      | OK     |
| TIMING-8 (No common period between related clocks)        | 0         | 0      | OK     |
| TIMING-14 (LUT on the clock tree)                         | 0         | 0      | OK     |
| TIMING-35 (No common node in paths with the same clock)   | 0         | 0      | OK     |
+-----------------------------------------------------------+-----------+--------+--------+
| Number of paths above max LUT budgeting (0.575ns)         | 0         | 0      | OK     |
| Number of paths above max Net budgeting (0.403ns)         | 0         | 0      | OK     |
+-----------------------------------------------------------+-----------+--------+--------+


================================================================
== Place & Route Timing Paths
================================================================
* Timing was met
+-------+-------+---------------------------------------------+----------------------------------------------------------------------------------------------------+--------------+------------+----------------+----------------+--------------+
| Path  | SLACK | STARTPOINT PIN                              | ENDPOINT PIN                                                                                       | LOGIC LEVELS | MAX FANOUT | DATAPATH DELAY | DATAPATH LOGIC | DATAPATH NET |
|       |       |                                             |                                                                                                    |              |            |                |          DELAY |        DELAY |
+-------+-------+---------------------------------------------+----------------------------------------------------------------------------------------------------+--------------+------------+----------------+----------------+--------------+
| Path1 | 4.408 | flow_control_loop_pipe_U/ap_loop_init_reg/C | mac_muladd_16s_16s_32s_32_4_1_U2/maxmul2x2_mac_muladd_16s_16s_32s_32_4_1_DSP48_0_U/m_reg_reg/B[11] |            3 |         17 |          4.827 |          1.113 |        3.714 |
| Path2 | 4.676 | flow_control_loop_pipe_U/ap_loop_init_reg/C | mac_muladd_16s_16s_32s_32_4_1_U2/maxmul2x2_mac_muladd_16s_16s_32s_32_4_1_DSP48_0_U/m_reg_reg/B[3]  |            3 |         17 |          4.586 |          1.110 |        3.476 |
| Path3 | 4.738 | flow_control_loop_pipe_U/ap_loop_init_reg/C | mac_muladd_16s_16s_32s_32_4_1_U2/maxmul2x2_mac_muladd_16s_16s_32s_32_4_1_DSP48_0_U/m_reg_reg/B[6]  |            3 |         17 |          4.497 |          1.113 |        3.384 |
| Path4 | 4.767 | flow_control_loop_pipe_U/ap_loop_init_reg/C | mac_muladd_16s_16s_32s_32_4_1_U2/maxmul2x2_mac_muladd_16s_16s_32s_32_4_1_DSP48_0_U/m_reg_reg/B[7]  |            3 |         17 |          4.492 |          1.111 |        3.381 |
| Path5 | 4.776 | flow_control_loop_pipe_U/ap_loop_init_reg/C | mac_muladd_16s_16s_32s_32_4_1_U2/maxmul2x2_mac_muladd_16s_16s_32s_32_4_1_DSP48_0_U/m_reg_reg/B[13] |            3 |         17 |          4.466 |          1.111 |        3.355 |
+-------+-------+---------------------------------------------+----------------------------------------------------------------------------------------------------+--------------+------------+----------------+----------------+--------------+

    +----------------------------------------------------------------------------------------------+----------------------+
    | Path1 Cells                                                                                  | Primitive Type       |
    +----------------------------------------------------------------------------------------------+----------------------+
    | flow_control_loop_pipe_U/ap_loop_init_reg                                                    | FLOP_LATCH.flop.FDRE |
    | flow_control_loop_pipe_U/add_ln1413_fu_96[1]_i_2                                             | LUT.others.LUT2      |
    | flow_control_loop_pipe_U/icmp_ln20_reg_535[0]_i_1                                            | LUT.others.LUT6      |
    | flow_control_loop_pipe_U/m_reg_reg_i_5                                                       | LUT.others.LUT3      |
    | mac_muladd_16s_16s_32s_32_4_1_U2/maxmul2x2_mac_muladd_16s_16s_32s_32_4_1_DSP48_0_U/m_reg_reg | MULT.dsp.DSP48E1     |
    | flow_control_loop_pipe_U/ap_loop_init_reg                                                    | FLOP_LATCH.flop.FDRE |
    | flow_control_loop_pipe_U/add_ln1413_fu_96[1]_i_2                                             | LUT.others.LUT2      |
    | flow_control_loop_pipe_U/icmp_ln20_reg_535[0]_i_1                                            | LUT.others.LUT6      |
    | flow_control_loop_pipe_U/m_reg_reg_i_13                                                      | LUT.others.LUT3      |
    | mac_muladd_16s_16s_32s_32_4_1_U2/maxmul2x2_mac_muladd_16s_16s_32s_32_4_1_DSP48_0_U/m_reg_reg | MULT.dsp.DSP48E1     |
    | flow_control_loop_pipe_U/ap_loop_init_reg                                                    | FLOP_LATCH.flop.FDRE |
    | flow_control_loop_pipe_U/add_ln1413_fu_96[1]_i_2                                             | LUT.others.LUT2      |
    | flow_control_loop_pipe_U/icmp_ln20_reg_535[0]_i_1                                            | LUT.others.LUT6      |
    | flow_control_loop_pipe_U/m_reg_reg_i_10                                                      | LUT.others.LUT3      |
    | mac_muladd_16s_16s_32s_32_4_1_U2/maxmul2x2_mac_muladd_16s_16s_32s_32_4_1_DSP48_0_U/m_reg_reg | MULT.dsp.DSP48E1     |
    | flow_control_loop_pipe_U/ap_loop_init_reg                                                    | FLOP_LATCH.flop.FDRE |
    | flow_control_loop_pipe_U/add_ln1413_fu_96[1]_i_2                                             | LUT.others.LUT2      |
    | flow_control_loop_pipe_U/icmp_ln20_reg_535[0]_i_1                                            | LUT.others.LUT6      |
    | flow_control_loop_pipe_U/m_reg_reg_i_9                                                       | LUT.others.LUT3      |
    | mac_muladd_16s_16s_32s_32_4_1_U2/maxmul2x2_mac_muladd_16s_16s_32s_32_4_1_DSP48_0_U/m_reg_reg | MULT.dsp.DSP48E1     |
    | flow_control_loop_pipe_U/ap_loop_init_reg                                                    | FLOP_LATCH.flop.FDRE |
    | flow_control_loop_pipe_U/add_ln1413_fu_96[1]_i_2                                             | LUT.others.LUT2      |
    | flow_control_loop_pipe_U/icmp_ln20_reg_535[0]_i_1                                            | LUT.others.LUT6      |
    | flow_control_loop_pipe_U/m_reg_reg_i_3                                                       | LUT.others.LUT3      |
    | mac_muladd_16s_16s_32s_32_4_1_U2/maxmul2x2_mac_muladd_16s_16s_32s_32_4_1_DSP48_0_U/m_reg_reg | MULT.dsp.DSP48E1     |
    +----------------------------------------------------------------------------------------------+----------------------+

    +----------------------------------------------------------------------------------------------+----------------------+
    | Path2 Cells                                                                                  | Primitive Type       |
    +----------------------------------------------------------------------------------------------+----------------------+
    | flow_control_loop_pipe_U/ap_loop_init_reg                                                    | FLOP_LATCH.flop.FDRE |
    | flow_control_loop_pipe_U/add_ln1413_fu_96[1]_i_2                                             | LUT.others.LUT2      |
    | flow_control_loop_pipe_U/icmp_ln20_reg_535[0]_i_1                                            | LUT.others.LUT6      |
    | flow_control_loop_pipe_U/m_reg_reg_i_5                                                       | LUT.others.LUT3      |
    | mac_muladd_16s_16s_32s_32_4_1_U2/maxmul2x2_mac_muladd_16s_16s_32s_32_4_1_DSP48_0_U/m_reg_reg | MULT.dsp.DSP48E1     |
    | flow_control_loop_pipe_U/ap_loop_init_reg                                                    | FLOP_LATCH.flop.FDRE |
    | flow_control_loop_pipe_U/add_ln1413_fu_96[1]_i_2                                             | LUT.others.LUT2      |
    | flow_control_loop_pipe_U/icmp_ln20_reg_535[0]_i_1                                            | LUT.others.LUT6      |
    | flow_control_loop_pipe_U/m_reg_reg_i_13                                                      | LUT.others.LUT3      |
    | mac_muladd_16s_16s_32s_32_4_1_U2/maxmul2x2_mac_muladd_16s_16s_32s_32_4_1_DSP48_0_U/m_reg_reg | MULT.dsp.DSP48E1     |
    | flow_control_loop_pipe_U/ap_loop_init_reg                                                    | FLOP_LATCH.flop.FDRE |
    | flow_control_loop_pipe_U/add_ln1413_fu_96[1]_i_2                                             | LUT.others.LUT2      |
    | flow_control_loop_pipe_U/icmp_ln20_reg_535[0]_i_1                                            | LUT.others.LUT6      |
    | flow_control_loop_pipe_U/m_reg_reg_i_10                                                      | LUT.others.LUT3      |
    | mac_muladd_16s_16s_32s_32_4_1_U2/maxmul2x2_mac_muladd_16s_16s_32s_32_4_1_DSP48_0_U/m_reg_reg | MULT.dsp.DSP48E1     |
    | flow_control_loop_pipe_U/ap_loop_init_reg                                                    | FLOP_LATCH.flop.FDRE |
    | flow_control_loop_pipe_U/add_ln1413_fu_96[1]_i_2                                             | LUT.others.LUT2      |
    | flow_control_loop_pipe_U/icmp_ln20_reg_535[0]_i_1                                            | LUT.others.LUT6      |
    | flow_control_loop_pipe_U/m_reg_reg_i_9                                                       | LUT.others.LUT3      |
    | mac_muladd_16s_16s_32s_32_4_1_U2/maxmul2x2_mac_muladd_16s_16s_32s_32_4_1_DSP48_0_U/m_reg_reg | MULT.dsp.DSP48E1     |
    | flow_control_loop_pipe_U/ap_loop_init_reg                                                    | FLOP_LATCH.flop.FDRE |
    | flow_control_loop_pipe_U/add_ln1413_fu_96[1]_i_2                                             | LUT.others.LUT2      |
    | flow_control_loop_pipe_U/icmp_ln20_reg_535[0]_i_1                                            | LUT.others.LUT6      |
    | flow_control_loop_pipe_U/m_reg_reg_i_3                                                       | LUT.others.LUT3      |
    | mac_muladd_16s_16s_32s_32_4_1_U2/maxmul2x2_mac_muladd_16s_16s_32s_32_4_1_DSP48_0_U/m_reg_reg | MULT.dsp.DSP48E1     |
    +----------------------------------------------------------------------------------------------+----------------------+

    +----------------------------------------------------------------------------------------------+----------------------+
    | Path3 Cells                                                                                  | Primitive Type       |
    +----------------------------------------------------------------------------------------------+----------------------+
    | flow_control_loop_pipe_U/ap_loop_init_reg                                                    | FLOP_LATCH.flop.FDRE |
    | flow_control_loop_pipe_U/add_ln1413_fu_96[1]_i_2                                             | LUT.others.LUT2      |
    | flow_control_loop_pipe_U/icmp_ln20_reg_535[0]_i_1                                            | LUT.others.LUT6      |
    | flow_control_loop_pipe_U/m_reg_reg_i_5                                                       | LUT.others.LUT3      |
    | mac_muladd_16s_16s_32s_32_4_1_U2/maxmul2x2_mac_muladd_16s_16s_32s_32_4_1_DSP48_0_U/m_reg_reg | MULT.dsp.DSP48E1     |
    | flow_control_loop_pipe_U/ap_loop_init_reg                                                    | FLOP_LATCH.flop.FDRE |
    | flow_control_loop_pipe_U/add_ln1413_fu_96[1]_i_2                                             | LUT.others.LUT2      |
    | flow_control_loop_pipe_U/icmp_ln20_reg_535[0]_i_1                                            | LUT.others.LUT6      |
    | flow_control_loop_pipe_U/m_reg_reg_i_13                                                      | LUT.others.LUT3      |
    | mac_muladd_16s_16s_32s_32_4_1_U2/maxmul2x2_mac_muladd_16s_16s_32s_32_4_1_DSP48_0_U/m_reg_reg | MULT.dsp.DSP48E1     |
    | flow_control_loop_pipe_U/ap_loop_init_reg                                                    | FLOP_LATCH.flop.FDRE |
    | flow_control_loop_pipe_U/add_ln1413_fu_96[1]_i_2                                             | LUT.others.LUT2      |
    | flow_control_loop_pipe_U/icmp_ln20_reg_535[0]_i_1                                            | LUT.others.LUT6      |
    | flow_control_loop_pipe_U/m_reg_reg_i_10                                                      | LUT.others.LUT3      |
    | mac_muladd_16s_16s_32s_32_4_1_U2/maxmul2x2_mac_muladd_16s_16s_32s_32_4_1_DSP48_0_U/m_reg_reg | MULT.dsp.DSP48E1     |
    | flow_control_loop_pipe_U/ap_loop_init_reg                                                    | FLOP_LATCH.flop.FDRE |
    | flow_control_loop_pipe_U/add_ln1413_fu_96[1]_i_2                                             | LUT.others.LUT2      |
    | flow_control_loop_pipe_U/icmp_ln20_reg_535[0]_i_1                                            | LUT.others.LUT6      |
    | flow_control_loop_pipe_U/m_reg_reg_i_9                                                       | LUT.others.LUT3      |
    | mac_muladd_16s_16s_32s_32_4_1_U2/maxmul2x2_mac_muladd_16s_16s_32s_32_4_1_DSP48_0_U/m_reg_reg | MULT.dsp.DSP48E1     |
    | flow_control_loop_pipe_U/ap_loop_init_reg                                                    | FLOP_LATCH.flop.FDRE |
    | flow_control_loop_pipe_U/add_ln1413_fu_96[1]_i_2                                             | LUT.others.LUT2      |
    | flow_control_loop_pipe_U/icmp_ln20_reg_535[0]_i_1                                            | LUT.others.LUT6      |
    | flow_control_loop_pipe_U/m_reg_reg_i_3                                                       | LUT.others.LUT3      |
    | mac_muladd_16s_16s_32s_32_4_1_U2/maxmul2x2_mac_muladd_16s_16s_32s_32_4_1_DSP48_0_U/m_reg_reg | MULT.dsp.DSP48E1     |
    +----------------------------------------------------------------------------------------------+----------------------+

    +----------------------------------------------------------------------------------------------+----------------------+
    | Path4 Cells                                                                                  | Primitive Type       |
    +----------------------------------------------------------------------------------------------+----------------------+
    | flow_control_loop_pipe_U/ap_loop_init_reg                                                    | FLOP_LATCH.flop.FDRE |
    | flow_control_loop_pipe_U/add_ln1413_fu_96[1]_i_2                                             | LUT.others.LUT2      |
    | flow_control_loop_pipe_U/icmp_ln20_reg_535[0]_i_1                                            | LUT.others.LUT6      |
    | flow_control_loop_pipe_U/m_reg_reg_i_5                                                       | LUT.others.LUT3      |
    | mac_muladd_16s_16s_32s_32_4_1_U2/maxmul2x2_mac_muladd_16s_16s_32s_32_4_1_DSP48_0_U/m_reg_reg | MULT.dsp.DSP48E1     |
    | flow_control_loop_pipe_U/ap_loop_init_reg                                                    | FLOP_LATCH.flop.FDRE |
    | flow_control_loop_pipe_U/add_ln1413_fu_96[1]_i_2                                             | LUT.others.LUT2      |
    | flow_control_loop_pipe_U/icmp_ln20_reg_535[0]_i_1                                            | LUT.others.LUT6      |
    | flow_control_loop_pipe_U/m_reg_reg_i_13                                                      | LUT.others.LUT3      |
    | mac_muladd_16s_16s_32s_32_4_1_U2/maxmul2x2_mac_muladd_16s_16s_32s_32_4_1_DSP48_0_U/m_reg_reg | MULT.dsp.DSP48E1     |
    | flow_control_loop_pipe_U/ap_loop_init_reg                                                    | FLOP_LATCH.flop.FDRE |
    | flow_control_loop_pipe_U/add_ln1413_fu_96[1]_i_2                                             | LUT.others.LUT2      |
    | flow_control_loop_pipe_U/icmp_ln20_reg_535[0]_i_1                                            | LUT.others.LUT6      |
    | flow_control_loop_pipe_U/m_reg_reg_i_10                                                      | LUT.others.LUT3      |
    | mac_muladd_16s_16s_32s_32_4_1_U2/maxmul2x2_mac_muladd_16s_16s_32s_32_4_1_DSP48_0_U/m_reg_reg | MULT.dsp.DSP48E1     |
    | flow_control_loop_pipe_U/ap_loop_init_reg                                                    | FLOP_LATCH.flop.FDRE |
    | flow_control_loop_pipe_U/add_ln1413_fu_96[1]_i_2                                             | LUT.others.LUT2      |
    | flow_control_loop_pipe_U/icmp_ln20_reg_535[0]_i_1                                            | LUT.others.LUT6      |
    | flow_control_loop_pipe_U/m_reg_reg_i_9                                                       | LUT.others.LUT3      |
    | mac_muladd_16s_16s_32s_32_4_1_U2/maxmul2x2_mac_muladd_16s_16s_32s_32_4_1_DSP48_0_U/m_reg_reg | MULT.dsp.DSP48E1     |
    | flow_control_loop_pipe_U/ap_loop_init_reg                                                    | FLOP_LATCH.flop.FDRE |
    | flow_control_loop_pipe_U/add_ln1413_fu_96[1]_i_2                                             | LUT.others.LUT2      |
    | flow_control_loop_pipe_U/icmp_ln20_reg_535[0]_i_1                                            | LUT.others.LUT6      |
    | flow_control_loop_pipe_U/m_reg_reg_i_3                                                       | LUT.others.LUT3      |
    | mac_muladd_16s_16s_32s_32_4_1_U2/maxmul2x2_mac_muladd_16s_16s_32s_32_4_1_DSP48_0_U/m_reg_reg | MULT.dsp.DSP48E1     |
    +----------------------------------------------------------------------------------------------+----------------------+

    +----------------------------------------------------------------------------------------------+----------------------+
    | Path5 Cells                                                                                  | Primitive Type       |
    +----------------------------------------------------------------------------------------------+----------------------+
    | flow_control_loop_pipe_U/ap_loop_init_reg                                                    | FLOP_LATCH.flop.FDRE |
    | flow_control_loop_pipe_U/add_ln1413_fu_96[1]_i_2                                             | LUT.others.LUT2      |
    | flow_control_loop_pipe_U/icmp_ln20_reg_535[0]_i_1                                            | LUT.others.LUT6      |
    | flow_control_loop_pipe_U/m_reg_reg_i_5                                                       | LUT.others.LUT3      |
    | mac_muladd_16s_16s_32s_32_4_1_U2/maxmul2x2_mac_muladd_16s_16s_32s_32_4_1_DSP48_0_U/m_reg_reg | MULT.dsp.DSP48E1     |
    | flow_control_loop_pipe_U/ap_loop_init_reg                                                    | FLOP_LATCH.flop.FDRE |
    | flow_control_loop_pipe_U/add_ln1413_fu_96[1]_i_2                                             | LUT.others.LUT2      |
    | flow_control_loop_pipe_U/icmp_ln20_reg_535[0]_i_1                                            | LUT.others.LUT6      |
    | flow_control_loop_pipe_U/m_reg_reg_i_13                                                      | LUT.others.LUT3      |
    | mac_muladd_16s_16s_32s_32_4_1_U2/maxmul2x2_mac_muladd_16s_16s_32s_32_4_1_DSP48_0_U/m_reg_reg | MULT.dsp.DSP48E1     |
    | flow_control_loop_pipe_U/ap_loop_init_reg                                                    | FLOP_LATCH.flop.FDRE |
    | flow_control_loop_pipe_U/add_ln1413_fu_96[1]_i_2                                             | LUT.others.LUT2      |
    | flow_control_loop_pipe_U/icmp_ln20_reg_535[0]_i_1                                            | LUT.others.LUT6      |
    | flow_control_loop_pipe_U/m_reg_reg_i_10                                                      | LUT.others.LUT3      |
    | mac_muladd_16s_16s_32s_32_4_1_U2/maxmul2x2_mac_muladd_16s_16s_32s_32_4_1_DSP48_0_U/m_reg_reg | MULT.dsp.DSP48E1     |
    | flow_control_loop_pipe_U/ap_loop_init_reg                                                    | FLOP_LATCH.flop.FDRE |
    | flow_control_loop_pipe_U/add_ln1413_fu_96[1]_i_2                                             | LUT.others.LUT2      |
    | flow_control_loop_pipe_U/icmp_ln20_reg_535[0]_i_1                                            | LUT.others.LUT6      |
    | flow_control_loop_pipe_U/m_reg_reg_i_9                                                       | LUT.others.LUT3      |
    | mac_muladd_16s_16s_32s_32_4_1_U2/maxmul2x2_mac_muladd_16s_16s_32s_32_4_1_DSP48_0_U/m_reg_reg | MULT.dsp.DSP48E1     |
    | flow_control_loop_pipe_U/ap_loop_init_reg                                                    | FLOP_LATCH.flop.FDRE |
    | flow_control_loop_pipe_U/add_ln1413_fu_96[1]_i_2                                             | LUT.others.LUT2      |
    | flow_control_loop_pipe_U/icmp_ln20_reg_535[0]_i_1                                            | LUT.others.LUT6      |
    | flow_control_loop_pipe_U/m_reg_reg_i_3                                                       | LUT.others.LUT3      |
    | mac_muladd_16s_16s_32s_32_4_1_U2/maxmul2x2_mac_muladd_16s_16s_32s_32_4_1_DSP48_0_U/m_reg_reg | MULT.dsp.DSP48E1     |
    +----------------------------------------------------------------------------------------------+----------------------+


================================================================
== Place & Route Vivado Reports
================================================================
+--------------------------+-------------------------------------------------------------------+
| Report Type              | Report Location                                                   |
+--------------------------+-------------------------------------------------------------------+
| design_analysis          | impl/verilog/report/maxmul2x2_design_analysis_routed.rpt          |
| failfast                 | impl/verilog/report/maxmul2x2_failfast_routed.rpt                 |
| power                    | impl/verilog/report/maxmul2x2_power_routed.rpt                    |
| status                   | impl/verilog/report/maxmul2x2_status_routed.rpt                   |
| timing                   | impl/verilog/report/maxmul2x2_timing_routed.rpt                   |
| timing_paths             | impl/verilog/report/maxmul2x2_timing_paths_routed.rpt             |
| utilization              | impl/verilog/report/maxmul2x2_utilization_routed.rpt              |
| utilization_hierarchical | impl/verilog/report/maxmul2x2_utilization_hierarchical_routed.rpt |
+--------------------------+-------------------------------------------------------------------+


