================================================================
== Design Size Report
================================================================

* Total Instructions per Compilation Phase
+---------------+-----------------------------+--------------+----------------------------------------------------------------------------------------+
| Phase         | Step                        | Instructions | Description                                                                            |
+---------------+-----------------------------+--------------+----------------------------------------------------------------------------------------+
| Compile/Link  |                             | 117          | After all functions are compiled and linked into a single design                       |
|               |                             |              |                                                                                        |
| Unroll/Inline |                             |              | After user unroll and inline pragmas are applied                                       |
|               | (1) unroll                  |  85          | user unroll pragmas are applied                                                        |
|               | (2) simplification          |  79          | simplification of applied user unroll pragmas                                          |
|               | (3) inline                  |  74          | user inline pragmas are applied                                                        |
|               | (4) simplification          |  71          | simplification of applied user inline pragmas                                          |
|               |                             |              |                                                                                        |
| Array/Struct  |                             |              | After user array partition and struct aggregate/disaggregate pragmas are applied       |
|               | (1) array partition         |  71          | user array partition pragmas are applied                                               |
|               | (2) simplification          |  71          | simplification of applied user array partition & struct aggregate/disaggregate pragmas |
|               | (3) aggregate/disaggregate  |  71          | user struct aggregate/disaggregate pragmas are applied                                 |
|               | (4) array reshape           |  71          | apply array reshape pragmas                                                            |
|               | (5) access patterns         |  72          | array access pattern optmizations                                                      |
|               |                             |              |                                                                                        |
| Performance   |                             |              | After transformations are applied to meet performance pragma targets                   |
|               | (1) loop simplification     |  72          | loop and instruction simplification                                                    |
|               | (2) parallelization         |  72          | loops are unrolled or pipelined to meet performance targets                            |
|               | (3) array partition         |  90          | arrays are partitioned to meet performance targets                                     |
|               | (4) simplification          |  64          | simplification of design after performance transformations                             |
|               |                             |              |                                                                                        |
| HW Transforms |                             |              | After hardware transfomations                                                          |
|               | (1) lowering                |  74          | initial conversion to HW specific instructions                                         |
|               | (2) optimizations           |  82          | high level synthesis optimizations                                                     |
+---------------+-----------------------------+--------------+----------------------------------------------------------------------------------------+

* Instructions per Function for each Compilation Phase
+-------------------------+-------------+--------------+---------------+--------------+-------------+---------------+
| Function                | Location    | Compile/Link | Unroll/Inline | Array/Struct | Performance | HW Transforms |
+-------------------------+-------------+--------------+---------------+--------------+-------------+---------------+
| + maxmul2x2             | main.cpp:4  | 117          | 71            | 72           | 64          | 82            |
|    maxmul_core<2, 2, 2> | maxmul.h:10 |  48          |               |              |             |               |
+-------------------------+-------------+--------------+---------------+--------------+-------------+---------------+

* Design Size Message Settings
+---------------------------------------------+--------+------------------------------------------------------------------+
| Message Setting                             | Value  | Description                                                      |
+---------------------------------------------+--------+------------------------------------------------------------------+
| config_compile -design_size_maximum_warning | 100000 | Show a warning when total design instructions exceeds this value |
+---------------------------------------------+--------+------------------------------------------------------------------+


