================================================================
== Design Size Report
================================================================

* Total Instructions per Compilation Phase
+---------------+-----------------------------+--------------+----------------------------------------------------------------------------------------+
| Phase         | Step                        | Instructions | Description                                                                            |
+---------------+-----------------------------+--------------+----------------------------------------------------------------------------------------+
| Compile/Link  |                             | 4,695        | After all functions are compiled and linked into a single design                       |
|               |                             |              |                                                                                        |
| Unroll/Inline |                             |              | After user unroll and inline pragmas are applied                                       |
|               | (1) unroll                  |   425        | user unroll pragmas are applied                                                        |
|               | (2) simplification          |   296        | simplification of applied user unroll pragmas                                          |
|               | (3) inline                  |   293        | user inline pragmas are applied                                                        |
|               | (4) simplification          |   293        | simplification of applied user inline pragmas                                          |
|               |                             |              |                                                                                        |
| Array/Struct  |                             |              | After user array partition and struct aggregate/disaggregate pragmas are applied       |
|               | (1) array partition         |   248        | user array partition pragmas are applied                                               |
|               | (2) simplification          |   248        | simplification of applied user array partition & struct aggregate/disaggregate pragmas |
|               | (3) aggregate/disaggregate  |   248        | user struct aggregate/disaggregate pragmas are applied                                 |
|               | (4) array reshape           |   248        | apply array reshape pragmas                                                            |
|               | (5) access patterns         |   381        | array access pattern optmizations                                                      |
|               |                             |              |                                                                                        |
| Performance   |                             |              | After transformations are applied to meet performance pragma targets                   |
|               | (1) loop simplification     |   391        | loop and instruction simplification                                                    |
|               | (2) parallelization         |   381        | loops are unrolled or pipelined to meet performance targets                            |
|               | (3) array partition         |   296        | arrays are partitioned to meet performance targets                                     |
|               | (4) simplification          |   296        | simplification of design after performance transformations                             |
|               |                             |              |                                                                                        |
| HW Transforms |                             |              | After hardware transfomations                                                          |
|               | (1) lowering                |   254        | initial conversion to HW specific instructions                                         |
|               | (2) optimizations           |   199        | high level synthesis optimizations                                                     |
+---------------+-----------------------------+--------------+----------------------------------------------------------------------------------------+

* Instructions per Function for each Compilation Phase
+------------------+--------------+--------------+---------------+--------------+-------------+---------------+
| Function         | Location     | Compile/Link | Unroll/Inline | Array/Struct | Performance | HW Transforms |
+------------------+--------------+--------------+---------------+--------------+-------------+---------------+
| + sobel_rgb_axis | sobel.cpp:21 | 4,695        | 293           | 381          | 296         | 199           |
|    rgb_to_gray   | sobel.cpp:13 |  744         |               |              |             |               |
+------------------+--------------+--------------+---------------+--------------+-------------+---------------+

* Design Size Message Settings
+---------------------------------------------+--------+------------------------------------------------------------------+
| Message Setting                             | Value  | Description                                                      |
+---------------------------------------------+--------+------------------------------------------------------------------+
| config_compile -design_size_maximum_warning | 100000 | Show a warning when total design instructions exceeds this value |
+---------------------------------------------+--------+------------------------------------------------------------------+


